2024-06-03 16:20:02,635 [INFO]: Prolem C @ ICCAD'22 contest platform version: 0.0.9
2024-06-03 16:20:02,636 [INFO]: no --solution-settings is specified.
2024-06-03 16:20:02,637 [INFO] use UUID 00ef538e88634ddd9810d034b748c24d to reproduce the experiment results.
2024-06-03 16:20:03,239 [INFO]: 1-th query, next microarchitecture embeddings: [[4, 2, 2, 2, 12, 2, 2, 20, 2, 2, 16, 12, 16, 32, 64, 80, 64, 20, 20, 32, 8, 1, 32, 64, 4, 1, 2, 1, 32]] 'suggest' time: 0.0.
2024-06-03 16:20:03,241 [INFO]: evaluate 1-th candidate in a batch, microarchitecture embedding: [4, 2, 2, 2, 12, 2, 2, 20, 2, 2, 16, 12, 16, 32, 64, 80, 64, 20, 20, 32, 8, 1, 32, 64, 4, 1, 2, 1, 32], norm. performance: -0.5490133970024512, norm. power: 0.14256193866326702, norm. area: -0.48049130942860896, time of the VLSI flow: 16964.47028.
2024-06-03 16:20:03,243 [INFO]: summary for 1-th query, current Pareto hypervolume: 1.1314170601420093, cost: 16964.472786732942.
2024-06-03 16:20:03,245 [INFO]: 2-th query, next microarchitecture embeddings: [[4, 2, 2, 2, 12, 2, 2, 20, 2, 2, 16, 10, 14, 30, 72, 90, 74, 12, 12, 32, 4, 1, 16, 64, 4, 0, 2, 1, 8]] 'suggest' time: 0.0011093616485595703.
2024-06-03 16:20:03,247 [INFO]: evaluate 1-th candidate in a batch, microarchitecture embedding: [4, 2, 2, 2, 12, 2, 2, 20, 2, 2, 16, 10, 14, 30, 72, 90, 74, 12, 12, 32, 4, 1, 16, 64, 4, 0, 2, 1, 8], norm. performance: 0.012672916449026819, norm. power: -0.4554563458388924, norm. area: -0.6788343258549236, time of the VLSI flow: 16383.54264.
2024-06-03 16:20:03,248 [INFO]: summary for 2-th query, current Pareto hypervolume: 3.5780394307519368, cost: 33348.01853404228.
2024-06-03 16:20:03,249 [INFO]: 3-th query, next microarchitecture embeddings: [[8, 5, 5, 2, 26, 5, 4, 44, 5, 4, 36, 26, 45, 50, 120, 138, 138, 36, 36, 64, 8, 2, 32, 64, 8, 1, 8, 2, 32]] 'suggest' time: 0.0010714530944824219.
2024-06-03 16:20:03,251 [INFO]: evaluate 1-th candidate in a batch, microarchitecture embedding: [8, 5, 5, 2, 26, 5, 4, 44, 5, 4, 36, 26, 45, 50, 120, 138, 138, 36, 36, 64, 8, 2, 32, 64, 8, 1, 8, 2, 32], norm. performance: 1.7221958811921738, norm. power: 1.7017816672888808, norm. area: 1.3077369309692326, time of the VLSI flow: 41167.4621.
2024-06-03 16:20:03,252 [INFO]: summary for 3-th query, current Pareto hypervolume: 3.5780394307519368, cost: 74515.48370487358.
2024-06-03 16:20:03,253 [INFO]: 4-th query, next microarchitecture embeddings: [[8, 4, 4, 2, 22, 4, 4, 36, 4, 2, 28, 22, 36, 44, 136, 118, 118, 36, 36, 64, 8, 1, 32, 64, 8, 0, 8, 2, 32]] 'suggest' time: 0.0010044574737548828.
2024-06-03 16:20:03,255 [INFO]: evaluate 1-th candidate in a batch, microarchitecture embedding: [8, 4, 4, 2, 22, 4, 4, 36, 4, 2, 28, 22, 36, 44, 136, 118, 118, 36, 36, 64, 8, 1, 32, 64, 8, 0, 8, 2, 32], norm. performance: 1.3669814686214583, norm. power: 0.8296757173796394, norm. area: 1.2479110262470259, time of the VLSI flow: 33514.51305.
2024-06-03 16:20:03,256 [INFO]: summary for 4-th query, current Pareto hypervolume: 3.5780394307519368, cost: 108030.00075959045.
2024-06-03 16:20:03,257 [INFO]: 5-th query, next microarchitecture embeddings: [[8, 5, 5, 2, 28, 5, 5, 48, 5, 5, 40, 24, 40, 48, 140, 146, 146, 32, 32, 64, 8, 2, 32, 64, 8, 1, 8, 1, 32]] 'suggest' time: 0.00099945068359375.
2024-06-03 16:20:03,260 [INFO]: evaluate 1-th candidate in a batch, microarchitecture embedding: [8, 5, 5, 2, 28, 5, 5, 48, 5, 5, 40, 24, 40, 48, 140, 146, 146, 32, 32, 64, 8, 2, 32, 64, 8, 1, 8, 1, 32], norm. performance: 1.4683742101086759, norm. power: 1.8615123024995306, norm. area: 1.7224074975523436, time of the VLSI flow: 36927.85359.
2024-06-03 16:20:03,260 [INFO]: summary for 5-th query, current Pareto hypervolume: 3.5780394307519368, cost: 144957.85835001577.
2024-06-03 16:20:03,261 [INFO]: 6-th query, next microarchitecture embeddings: [[8, 3, 3, 2, 20, 3, 3, 36, 3, 3, 28, 16, 24, 32, 90, 90, 86, 28, 28, 64, 8, 1, 32, 64, 2, 0, 4, 1, 32]] 'suggest' time: 0.00150299072265625.
2024-06-03 16:20:03,263 [INFO]: evaluate 1-th candidate in a batch, microarchitecture embedding: [8, 3, 3, 2, 20, 3, 3, 36, 3, 3, 28, 16, 24, 32, 90, 90, 86, 28, 28, 64, 8, 1, 32, 64, 2, 0, 4, 1, 32], norm. performance: 1.0384720382008341, norm. power: 0.2110595650765932, norm. area: 0.11631183702969775, time of the VLSI flow: 26988.79553.
2024-06-03 16:20:03,264 [INFO]: summary for 6-th query, current Pareto hypervolume: 4.4847553821588075, cost: 171946.65738906042.
2024-06-03 16:20:03,265 [INFO]: 7-th query, next microarchitecture embeddings: [[4, 1, 1, 1, 8, 1, 1, 8, 1, 1, 8, 10, 12, 20, 34, 42, 38, 12, 12, 64, 1, 1, 16, 64, 4, 0, 2, 1, 32]] 'suggest' time: 0.00099945068359375.
2024-06-03 16:20:03,267 [INFO]: evaluate 1-th candidate in a batch, microarchitecture embedding: [4, 1, 1, 1, 8, 1, 1, 8, 1, 1, 8, 10, 12, 20, 34, 42, 38, 12, 12, 64, 1, 1, 16, 64, 4, 0, 2, 1, 32], norm. performance: -1.1179679870772135, norm. power: -1.0030972980072792, norm. area: -0.9511548398583071, time of the VLSI flow: 11976.34029.
2024-06-03 16:20:03,268 [INFO]: summary for 7-th query, current Pareto hypervolume: 4.712309184831023, cost: 183923.00067741246.
2024-06-03 16:20:03,269 [INFO]: 8-th query, next microarchitecture embeddings: [[4, 1, 1, 1, 10, 1, 1, 12, 1, 1, 12, 6, 6, 14, 32, 62, 58, 8, 8, 32, 8, 1, 32, 64, 4, 1, 2, 1, 8]] 'suggest' time: 0.0010020732879638672.
2024-06-03 16:20:03,272 [INFO]: evaluate 1-th candidate in a batch, microarchitecture embedding: [4, 1, 1, 1, 10, 1, 1, 12, 1, 1, 12, 6, 6, 14, 32, 62, 58, 8, 8, 32, 8, 1, 32, 64, 4, 1, 2, 1, 8], norm. performance: -1.1323858515142258, norm. power: -1.0030972980072792, norm. area: -0.9045449834294066, time of the VLSI flow: 11741.54706.
2024-06-03 16:20:03,272 [INFO]: summary for 8-th query, current Pareto hypervolume: 4.712309184831023, cost: 195664.5512483645.
2024-06-03 16:20:03,273 [INFO]: 9-th query, next microarchitecture embeddings: [[8, 3, 3, 1, 16, 3, 3, 32, 3, 1, 24, 16, 24, 32, 108, 100, 96, 20, 20, 64, 8, 2, 32, 64, 4, 1, 4, 1, 32]] 'suggest' time: 0.0.
2024-06-03 16:20:03,276 [INFO]: evaluate 1-th candidate in a batch, microarchitecture embedding: [8, 3, 3, 1, 16, 3, 3, 32, 3, 1, 24, 16, 24, 32, 108, 100, 96, 20, 20, 64, 8, 2, 32, 64, 4, 1, 4, 1, 32], norm. performance: 0.8993023441863759, norm. power: 0.5789549727561099, norm. area: 0.06230748303137045, time of the VLSI flow: 20335.77416.
2024-06-03 16:20:03,276 [INFO]: summary for 9-th query, current Pareto hypervolume: 4.74197810833521, cost: 216000.3274065506.
2024-06-03 16:20:03,277 [INFO]: 10-th query, next microarchitecture embeddings: [[8, 3, 3, 2, 16, 3, 3, 32, 3, 2, 24, 16, 24, 32, 90, 100, 96, 20, 20, 64, 8, 2, 32, 64, 4, 1, 8, 1, 32]] 'suggest' time: 0.0009999275207519531.
2024-06-03 16:20:03,279 [INFO]: evaluate 1-th candidate in a batch, microarchitecture embedding: [8, 3, 3, 2, 16, 3, 3, 32, 3, 2, 24, 16, 24, 32, 90, 100, 96, 20, 20, 64, 8, 2, 32, 64, 4, 1, 8, 1, 32], norm. performance: 0.20205786763978612, norm. power: 0.48694468592856405, norm. area: -0.2665773548234783, time of the VLSI flow: 24970.48052.
2024-06-03 16:20:03,279 [INFO]: summary for 10-th query, current Pareto hypervolume: 4.787244128554511, cost: 240970.8109265716.
2024-06-03 16:20:03,280 [INFO]: summary for the solution, the best Pareto hypervolume: 4.787244128554511, cost: 240970.8109265716.
2024-06-03 16:20:03,283 [INFO]: save the experiment result. please refer them to D:\2024spring\EDA\EE215A_project\EE215A_project\Resource\Problem C_cases_0622\output\summary\00ef538e88634ddd9810d034b748c24d.rpt.
