2024-06-07 10:53:15,799 [INFO]: Prolem C @ ICCAD'22 contest platform version: 0.0.9
2024-06-07 10:53:15,799 [INFO]: load solution settings: {'optimizer': 'fmin_l_bfgs_b', 'random_state': 2022}
2024-06-07 10:53:15,799 [INFO] use UUID c0ffeec0ffeec0ffeec0ffeec0ffeeee to reproduce the experiment results.
2024-06-07 10:53:16,378 [INFO]: 1-th query, next microarchitecture embeddings: [[4, 1, 1, 1, 10, 1, 1, 12, 1, 1, 12, 6, 6, 14, 32, 42, 38, 12, 12, 64, 4, 1, 32, 64, 4, 1, 2, 1, 32], [4, 1, 1, 1, 8, 1, 1, 8, 1, 1, 8, 6, 6, 14, 36, 52, 48, 6, 6, 32, 8, 1, 32, 64, 4, 1, 2, 1, 32], [4, 1, 1, 1, 10, 1, 1, 12, 1, 1, 12, 6, 6, 14, 34, 52, 48, 6, 6, 32, 4, 1, 16, 64, 4, 1, 2, 1, 8], [4, 1, 1, 1, 6, 1, 1, 6, 1, 1, 6, 6, 6, 14, 34, 52, 48, 12, 12, 32, 4, 1, 16, 64, 4, 1, 2, 1, 8], [4, 1, 1, 1, 6, 1, 1, 6, 1, 1, 6, 10, 12, 20, 34, 62, 58, 6, 6, 64, 4, 1, 32, 64, 4, 1, 2, 1, 8], [8, 3, 3, 1, 16, 3, 3, 32, 3, 1, 24, 16, 24, 32, 108, 90, 86, 28, 28, 64, 8, 1, 32, 64, 2, 0, 4, 1, 32], [4, 2, 2, 2, 14, 2, 2, 24, 2, 2, 20, 10, 14, 30, 72, 70, 54, 16, 16, 32, 8, 1, 32, 64, 4, 1, 2, 1, 32], [4, 2, 2, 2, 12, 2, 2, 20, 2, 2, 16, 14, 20, 36, 72, 70, 54, 12, 12, 32, 8, 1, 32, 64, 4, 0, 2, 1, 8], [4, 2, 2, 2, 12, 2, 2, 20, 2, 2, 16, 14, 20, 36, 64, 70, 54, 20, 20, 32, 8, 1, 32, 64, 4, 0, 2, 1, 8], [4, 2, 2, 2, 12, 2, 2, 20, 2, 2, 16, 10, 14, 30, 72, 70, 54, 20, 20, 32, 4, 1, 16, 64, 4, 0, 2, 1, 32], [8, 3, 3, 2, 16, 3, 3, 32, 3, 2, 24, 14, 21, 30, 96, 100, 96, 20, 20, 64, 8, 1, 32, 64, 4, 1, 4, 1, 32], [4, 2, 2, 2, 14, 2, 2, 24, 2, 2, 20, 14, 20, 36, 64, 90, 74, 20, 20, 32, 8, 1, 32, 64, 4, 1, 2, 1, 8], [8, 3, 3, 1, 16, 3, 3, 32, 3, 1, 24, 18, 30, 36, 108, 100, 96, 20, 20, 64, 8, 1, 32, 64, 4, 1, 4, 1, 32], [4, 2, 2, 2, 14, 2, 2, 24, 2, 2, 20, 10, 14, 30, 60, 90, 74, 20, 20, 32, 4, 1, 16, 64, 4, 1, 2, 1, 8], [4, 2, 2, 2, 14, 2, 2, 24, 2, 2, 20, 10, 14, 30, 64, 70, 54, 12, 12, 32, 8, 1, 32, 64, 4, 0, 2, 1, 8]] 'suggest' time: 0.0010020732879638672.
2024-06-07 10:53:16,380 [INFO]: evaluate 1-th candidate in a batch, microarchitecture embedding: [4, 1, 1, 1, 10, 1, 1, 12, 1, 1, 12, 6, 6, 14, 32, 42, 38, 12, 12, 64, 4, 1, 32, 64, 4, 1, 2, 1, 32], norm. performance: -1.1385831029274693, norm. power: -1.0030972980072792, norm. area: -0.9102419278109677, time of the VLSI flow: 11605.13554.
2024-06-07 10:53:16,382 [INFO]: evaluate 2-th candidate in a batch, microarchitecture embedding: [4, 1, 1, 1, 8, 1, 1, 8, 1, 1, 8, 6, 6, 14, 36, 52, 48, 6, 6, 32, 8, 1, 32, 64, 4, 1, 2, 1, 32], norm. performance: -1.2410228492704125, norm. power: -1.0030972980072792, norm. area: -0.9303495401040518, time of the VLSI flow: 11079.00638.
2024-06-07 10:53:16,384 [INFO]: evaluate 3-th candidate in a batch, microarchitecture embedding: [4, 1, 1, 1, 10, 1, 1, 12, 1, 1, 12, 6, 6, 14, 34, 52, 48, 6, 6, 32, 4, 1, 16, 64, 4, 1, 2, 1, 8], norm. performance: -1.1886542379778813, norm. power: -1.0030972980072792, norm. area: -0.9614243969398907, time of the VLSI flow: 11768.87486.
2024-06-07 10:53:16,387 [INFO]: evaluate 4-th candidate in a batch, microarchitecture embedding: [4, 1, 1, 1, 6, 1, 1, 6, 1, 1, 6, 6, 6, 14, 34, 52, 48, 12, 12, 32, 4, 1, 16, 64, 4, 1, 2, 1, 8], norm. performance: -1.1179679870772135, norm. power: -1.0030972980072792, norm. area: -0.9591125573900384, time of the VLSI flow: 10943.39649.
2024-06-07 10:53:16,390 [INFO]: evaluate 5-th candidate in a batch, microarchitecture embedding: [4, 1, 1, 1, 6, 1, 1, 6, 1, 1, 6, 10, 12, 20, 34, 62, 58, 6, 6, 64, 4, 1, 32, 64, 4, 1, 2, 1, 8], norm. performance: -1.1830334750681955, norm. power: -1.0030972980072792, norm. area: -0.8825448543873299, time of the VLSI flow: 10813.75571.
2024-06-07 10:53:16,392 [INFO]: evaluate 6-th candidate in a batch, microarchitecture embedding: [8, 3, 3, 1, 16, 3, 3, 32, 3, 1, 24, 16, 24, 32, 108, 90, 86, 28, 28, 64, 8, 1, 32, 64, 2, 0, 4, 1, 32], norm. performance: 0.6120542306306709, norm. power: 0.1236643665534912, norm. area: 0.1943683510235447, time of the VLSI flow: 24797.94368.
2024-06-07 10:53:16,395 [INFO]: evaluate 7-th candidate in a batch, microarchitecture embedding: [4, 2, 2, 2, 14, 2, 2, 24, 2, 2, 20, 10, 14, 30, 72, 70, 54, 16, 16, 32, 8, 1, 32, 64, 4, 1, 2, 1, 32], norm. performance: -0.6544048210020896, norm. power: -0.2878071906953543, norm. area: -0.32388462681482444, time of the VLSI flow: 16434.439.
2024-06-07 10:53:16,398 [INFO]: evaluate 8-th candidate in a batch, microarchitecture embedding: [4, 2, 2, 2, 12, 2, 2, 20, 2, 2, 16, 14, 20, 36, 72, 70, 54, 12, 12, 32, 8, 1, 32, 64, 4, 0, 2, 1, 8], norm. performance: -0.3846816753621297, norm. power: 0.08679223999482828, norm. area: -0.28544189315652413, time of the VLSI flow: 15501.41043.
2024-06-07 10:53:16,400 [INFO]: evaluate 9-th candidate in a batch, microarchitecture embedding: [4, 2, 2, 2, 12, 2, 2, 20, 2, 2, 16, 14, 20, 36, 64, 70, 54, 20, 20, 32, 8, 1, 32, 64, 4, 0, 2, 1, 8], norm. performance: -0.5185555877311618, norm. power: 0.09645963549571639, norm. area: -0.320596264754289, time of the VLSI flow: 20130.47262.
2024-06-07 10:53:16,403 [INFO]: evaluate 10-th candidate in a batch, microarchitecture embedding: [4, 2, 2, 2, 12, 2, 2, 20, 2, 2, 16, 10, 14, 30, 72, 70, 54, 20, 20, 32, 4, 1, 16, 64, 4, 0, 2, 1, 32], norm. performance: -0.3473794780731132, norm. power: -0.7930864902166346, norm. area: -0.5340840449205148, time of the VLSI flow: 19119.5886.
2024-06-07 10:53:16,404 [INFO]: evaluate 11-th candidate in a batch, microarchitecture embedding: [8, 3, 3, 2, 16, 3, 3, 32, 3, 2, 24, 14, 21, 30, 96, 100, 96, 20, 20, 64, 8, 1, 32, 64, 4, 1, 4, 1, 32], norm. performance: 0.8528102419288837, norm. power: 0.35917960971079965, norm. area: 0.27659929933653493, time of the VLSI flow: 23407.14186.
2024-06-07 10:53:16,406 [INFO]: evaluate 12-th candidate in a batch, microarchitecture embedding: [4, 2, 2, 2, 14, 2, 2, 24, 2, 2, 20, 14, 20, 36, 64, 90, 74, 20, 20, 32, 8, 1, 32, 64, 4, 1, 2, 1, 8], norm. performance: -0.09232853003349933, norm. power: -0.766659037189082, norm. area: -0.3774673540775898, time of the VLSI flow: 20735.56996.
2024-06-07 10:53:16,409 [INFO]: evaluate 13-th candidate in a batch, microarchitecture embedding: [8, 3, 3, 1, 16, 3, 3, 32, 3, 1, 24, 18, 30, 36, 108, 100, 96, 20, 20, 64, 8, 1, 32, 64, 4, 1, 4, 1, 32], norm. performance: 0.9538751762278038, norm. power: 0.43462415851923614, norm. area: -0.21763612553814335, time of the VLSI flow: 19806.2596.
2024-06-07 10:53:16,411 [INFO]: evaluate 14-th candidate in a batch, microarchitecture embedding: [4, 2, 2, 2, 14, 2, 2, 24, 2, 2, 20, 10, 14, 30, 60, 90, 74, 20, 20, 32, 4, 1, 16, 64, 4, 1, 2, 1, 8], norm. performance: -0.40773556365635677, norm. power: -0.4135804919606745, norm. area: -0.5418205409637308, time of the VLSI flow: 18447.32933.
2024-06-07 10:53:16,413 [INFO]: evaluate 15-th candidate in a batch, microarchitecture embedding: [4, 2, 2, 2, 14, 2, 2, 24, 2, 2, 20, 10, 14, 30, 64, 70, 54, 12, 12, 32, 8, 1, 32, 64, 4, 0, 2, 1, 8], norm. performance: -0.5952116031600908, norm. power: -0.3236591398393507, norm. area: -0.5767333294195243, time of the VLSI flow: 15010.91285.
2024-06-07 10:53:16,420 [INFO]: summary for 1-th query, current Pareto hypervolume: 4.927003266916756, cost: 249601.27105201734.
2024-06-07 10:53:16,421 [INFO]: 2-th query, next microarchitecture embeddings: [[8.0, 3.0, 3.0, 2.0, 16.0, 3.0, 3.0, 32.0, 3.0, 2.0, 24.0, 14.0, 21.0, 30.0, 90.0, 100.0, 96.0, 20.0, 20.0, 64.0, 8.0, 1.0, 32.0, 64.0, 4.0, 1.0, 4.0, 1.0, 32.0]] 'suggest' time: 0.0009996891021728516.
2024-06-07 10:53:16,424 [INFO]: evaluate 1-th candidate in a batch, microarchitecture embedding: [8.0, 3.0, 3.0, 2.0, 16.0, 3.0, 3.0, 32.0, 3.0, 2.0, 24.0, 14.0, 21.0, 30.0, 90.0, 100.0, 96.0, 20.0, 20.0, 64.0, 8.0, 1.0, 32.0, 64.0, 4.0, 1.0, 4.0, 1.0, 32.0], norm. performance: 0.5213604375477123, norm. power: -0.05598401818160101, norm. area: -0.18885942563915792, time of the VLSI flow: 23963.37508.
2024-06-07 10:53:16,429 [INFO]: summary for 2-th query, current Pareto hypervolume: 5.132461156999049, cost: 273564.6546468985.
2024-06-07 10:53:16,430 [INFO]: 3-th query, next microarchitecture embeddings: [[8.0, 3.0, 3.0, 2.0, 16.0, 3.0, 3.0, 32.0, 3.0, 2.0, 24.0, 16.0, 24.0, 32.0, 90.0, 100.0, 96.0, 20.0, 20.0, 64.0, 8.0, 1.0, 32.0, 64.0, 4.0, 1.0, 4.0, 1.0, 32.0]] 'suggest' time: 0.0010004043579101562.
2024-06-07 10:53:16,432 [INFO]: evaluate 1-th candidate in a batch, microarchitecture embedding: [8.0, 3.0, 3.0, 2.0, 16.0, 3.0, 3.0, 32.0, 3.0, 2.0, 24.0, 16.0, 24.0, 32.0, 90.0, 100.0, 96.0, 20.0, 20.0, 64.0, 8.0, 1.0, 32.0, 64.0, 4.0, 1.0, 4.0, 1.0, 32.0], norm. performance: 0.8448058120939488, norm. power: 0.009210176603281163, norm. area: 0.27311508277098645, time of the VLSI flow: 26772.95754.
2024-06-07 10:53:16,441 [INFO]: summary for 3-th query, current Pareto hypervolume: 5.200322855448506, cost: 300337.62287472654.
2024-06-07 10:53:16,441 [INFO]: 4-th query, next microarchitecture embeddings: [[8.0, 3.0, 3.0, 2.0, 16.0, 3.0, 3.0, 32.0, 3.0, 2.0, 24.0, 16.0, 24.0, 32.0, 108.0, 100.0, 96.0, 20.0, 20.0, 64.0, 8.0, 1.0, 32.0, 64.0, 4.0, 1.0, 4.0, 1.0, 32.0]] 'suggest' time: 0.0.
2024-06-07 10:53:16,443 [INFO]: evaluate 1-th candidate in a batch, microarchitecture embedding: [8.0, 3.0, 3.0, 2.0, 16.0, 3.0, 3.0, 32.0, 3.0, 2.0, 24.0, 16.0, 24.0, 32.0, 108.0, 100.0, 96.0, 20.0, 20.0, 64.0, 8.0, 1.0, 32.0, 64.0, 4.0, 1.0, 4.0, 1.0, 32.0], norm. performance: 0.08140221495403963, norm. power: 0.687628157356543, norm. area: 0.14667619771858945, time of the VLSI flow: 27508.02783.
2024-06-07 10:53:16,451 [INFO]: summary for 4-th query, current Pareto hypervolume: 5.200322855448506, cost: 327845.6603070348.
2024-06-07 10:53:16,451 [INFO]: 5-th query, next microarchitecture embeddings: [[8.0, 3.0, 3.0, 1.0, 16.0, 3.0, 3.0, 32.0, 3.0, 1.0, 24.0, 14.0, 21.0, 30.0, 108.0, 100.0, 96.0, 20.0, 20.0, 64.0, 8.0, 1.0, 32.0, 64.0, 4.0, 1.0, 4.0, 1.0, 32.0]] 'suggest' time: 0.0.
2024-06-07 10:53:16,454 [INFO]: evaluate 1-th candidate in a batch, microarchitecture embedding: [8.0, 3.0, 3.0, 1.0, 16.0, 3.0, 3.0, 32.0, 3.0, 1.0, 24.0, 14.0, 21.0, 30.0, 108.0, 100.0, 96.0, 20.0, 20.0, 64.0, 8.0, 1.0, 32.0, 64.0, 4.0, 1.0, 4.0, 1.0, 32.0], norm. performance: 0.6627922837538256, norm. power: 0.6869966189569876, norm. area: 0.03083413239863857, time of the VLSI flow: 19821.94949.
2024-06-07 10:53:16,463 [INFO]: summary for 5-th query, current Pareto hypervolume: 5.200322855448506, cost: 347667.6189921241.
2024-06-07 10:53:16,463 [INFO]: 6-th query, next microarchitecture embeddings: [[8.0, 3.0, 3.0, 2.0, 20.0, 3.0, 3.0, 36.0, 3.0, 3.0, 28.0, 16.0, 24.0, 32.0, 90.0, 100.0, 96.0, 20.0, 20.0, 64.0, 8.0, 1.0, 32.0, 64.0, 4.0, 1.0, 4.0, 1.0, 32.0]] 'suggest' time: 0.0.
2024-06-07 10:53:16,465 [INFO]: evaluate 1-th candidate in a batch, microarchitecture embedding: [8.0, 3.0, 3.0, 2.0, 20.0, 3.0, 3.0, 36.0, 3.0, 3.0, 28.0, 16.0, 24.0, 32.0, 90.0, 100.0, 96.0, 20.0, 20.0, 64.0, 8.0, 1.0, 32.0, 64.0, 4.0, 1.0, 4.0, 1.0, 32.0], norm. performance: 0.16238754600772443, norm. power: 0.2671693228832538, norm. area: -0.07633129599415933, time of the VLSI flow: 23702.96025.
2024-06-07 10:53:16,473 [INFO]: summary for 6-th query, current Pareto hypervolume: 5.200322855448506, cost: 371370.5889035602.
2024-06-07 10:53:16,474 [INFO]: 7-th query, next microarchitecture embeddings: [[8.0, 3.0, 3.0, 2.0, 16.0, 3.0, 3.0, 32.0, 3.0, 2.0, 24.0, 14.0, 21.0, 30.0, 90.0, 100.0, 96.0, 20.0, 20.0, 64.0, 8.0, 1.0, 32.0, 64.0, 4.0, 1.0, 4.0, 1.0, 32.0]] 'suggest' time: 0.0.
2024-06-07 10:53:16,477 [INFO]: evaluate 1-th candidate in a batch, microarchitecture embedding: [8.0, 3.0, 3.0, 2.0, 16.0, 3.0, 3.0, 32.0, 3.0, 2.0, 24.0, 14.0, 21.0, 30.0, 90.0, 100.0, 96.0, 20.0, 20.0, 64.0, 8.0, 1.0, 32.0, 64.0, 4.0, 1.0, 4.0, 1.0, 32.0], norm. performance: 0.5213604375477123, norm. power: -0.05598401818160101, norm. area: -0.18885942563915792, time of the VLSI flow: 23963.37508.
2024-06-07 10:53:16,485 [INFO]: summary for 7-th query, current Pareto hypervolume: 5.200322855448506, cost: 395333.97478392185.
2024-06-07 10:53:16,486 [INFO]: 8-th query, next microarchitecture embeddings: [[8.0, 3.0, 3.0, 2.0, 16.0, 3.0, 3.0, 32.0, 3.0, 2.0, 24.0, 16.0, 24.0, 32.0, 90.0, 100.0, 96.0, 20.0, 20.0, 64.0, 8.0, 1.0, 32.0, 64.0, 4.0, 1.0, 4.0, 1.0, 32.0]] 'suggest' time: 0.0010001659393310547.
2024-06-07 10:53:16,488 [INFO]: evaluate 1-th candidate in a batch, microarchitecture embedding: [8.0, 3.0, 3.0, 2.0, 16.0, 3.0, 3.0, 32.0, 3.0, 2.0, 24.0, 16.0, 24.0, 32.0, 90.0, 100.0, 96.0, 20.0, 20.0, 64.0, 8.0, 1.0, 32.0, 64.0, 4.0, 1.0, 4.0, 1.0, 32.0], norm. performance: 0.8448058120939488, norm. power: 0.009210176603281163, norm. area: 0.27311508277098645, time of the VLSI flow: 26772.95754.
2024-06-07 10:53:16,493 [INFO]: summary for 8-th query, current Pareto hypervolume: 5.200322855448506, cost: 422106.9393265139.
2024-06-07 10:53:16,494 [INFO]: 9-th query, next microarchitecture embeddings: [[8.0, 3.0, 3.0, 2.0, 16.0, 3.0, 3.0, 32.0, 3.0, 2.0, 24.0, 16.0, 24.0, 32.0, 108.0, 100.0, 96.0, 20.0, 20.0, 64.0, 8.0, 1.0, 32.0, 64.0, 4.0, 1.0, 4.0, 1.0, 32.0]] 'suggest' time: 0.00099945068359375.
2024-06-07 10:53:16,496 [INFO]: evaluate 1-th candidate in a batch, microarchitecture embedding: [8.0, 3.0, 3.0, 2.0, 16.0, 3.0, 3.0, 32.0, 3.0, 2.0, 24.0, 16.0, 24.0, 32.0, 108.0, 100.0, 96.0, 20.0, 20.0, 64.0, 8.0, 1.0, 32.0, 64.0, 4.0, 1.0, 4.0, 1.0, 32.0], norm. performance: 0.08140221495403963, norm. power: 0.687628157356543, norm. area: 0.14667619771858945, time of the VLSI flow: 27508.02783.
2024-06-07 10:53:16,500 [INFO]: summary for 9-th query, current Pareto hypervolume: 5.200322855448506, cost: 449614.973487004.
2024-06-07 10:53:16,501 [INFO]: 10-th query, next microarchitecture embeddings: [[8.0, 3.0, 3.0, 1.0, 16.0, 3.0, 3.0, 32.0, 3.0, 1.0, 24.0, 16.0, 24.0, 32.0, 108.0, 100.0, 96.0, 20.0, 20.0, 64.0, 8.0, 1.0, 32.0, 64.0, 4.0, 1.0, 4.0, 1.0, 32.0]] 'suggest' time: 0.0010020732879638672.
2024-06-07 10:53:16,503 [INFO]: evaluate 1-th candidate in a batch, microarchitecture embedding: [8.0, 3.0, 3.0, 1.0, 16.0, 3.0, 3.0, 32.0, 3.0, 1.0, 24.0, 16.0, 24.0, 32.0, 108.0, 100.0, 96.0, 20.0, 20.0, 64.0, 8.0, 1.0, 32.0, 64.0, 4.0, 1.0, 4.0, 1.0, 32.0], norm. performance: 0.9369450653218567, norm. power: 0.6462866821241028, norm. area: 0.013875199667572165, time of the VLSI flow: 19372.88755.
2024-06-07 10:53:16,511 [INFO]: summary for 10-th query, current Pareto hypervolume: 5.200322855448506, cost: 468987.87069796334.
2024-06-07 10:53:16,511 [INFO]: 11-th query, next microarchitecture embeddings: [[8.0, 3.0, 3.0, 1.0, 16.0, 3.0, 3.0, 32.0, 3.0, 1.0, 24.0, 18.0, 30.0, 36.0, 96.0, 100.0, 96.0, 20.0, 20.0, 64.0, 8.0, 1.0, 32.0, 64.0, 4.0, 1.0, 4.0, 1.0, 32.0]] 'suggest' time: 0.0.
2024-06-07 10:53:16,514 [INFO]: evaluate 1-th candidate in a batch, microarchitecture embedding: [8.0, 3.0, 3.0, 1.0, 16.0, 3.0, 3.0, 32.0, 3.0, 1.0, 24.0, 18.0, 30.0, 36.0, 96.0, 100.0, 96.0, 20.0, 20.0, 64.0, 8.0, 1.0, 32.0, 64.0, 4.0, 1.0, 4.0, 1.0, 32.0], norm. performance: 0.4085071611282518, norm. power: -0.33765014438334906, norm. area: 0.462243166250354, time of the VLSI flow: 20380.04292.
2024-06-07 10:53:16,523 [INFO]: summary for 11-th query, current Pareto hypervolume: 5.277790348145992, cost: 489367.9239560313.
2024-06-07 10:53:16,524 [INFO]: 12-th query, next microarchitecture embeddings: [[8.0, 3.0, 3.0, 2.0, 16.0, 3.0, 3.0, 32.0, 3.0, 2.0, 24.0, 16.0, 24.0, 32.0, 90.0, 100.0, 96.0, 20.0, 20.0, 64.0, 8.0, 1.0, 32.0, 64.0, 4.0, 1.0, 4.0, 1.0, 32.0]] 'suggest' time: 0.001504659652709961.
2024-06-07 10:53:16,526 [INFO]: evaluate 1-th candidate in a batch, microarchitecture embedding: [8.0, 3.0, 3.0, 2.0, 16.0, 3.0, 3.0, 32.0, 3.0, 2.0, 24.0, 16.0, 24.0, 32.0, 90.0, 100.0, 96.0, 20.0, 20.0, 64.0, 8.0, 1.0, 32.0, 64.0, 4.0, 1.0, 4.0, 1.0, 32.0], norm. performance: 0.8448058120939488, norm. power: 0.009210176603281163, norm. area: 0.27311508277098645, time of the VLSI flow: 26772.95754.
2024-06-07 10:53:16,536 [INFO]: summary for 12-th query, current Pareto hypervolume: 5.277790348145992, cost: 516140.89351185085.
2024-06-07 10:53:16,536 [INFO]: 13-th query, next microarchitecture embeddings: [[8.0, 3.0, 3.0, 2.0, 20.0, 3.0, 3.0, 36.0, 3.0, 3.0, 28.0, 16.0, 24.0, 32.0, 90.0, 100.0, 96.0, 20.0, 20.0, 64.0, 8.0, 1.0, 32.0, 64.0, 4.0, 1.0, 4.0, 1.0, 32.0]] 'suggest' time: 0.0.
2024-06-07 10:53:16,539 [INFO]: evaluate 1-th candidate in a batch, microarchitecture embedding: [8.0, 3.0, 3.0, 2.0, 20.0, 3.0, 3.0, 36.0, 3.0, 3.0, 28.0, 16.0, 24.0, 32.0, 90.0, 100.0, 96.0, 20.0, 20.0, 64.0, 8.0, 1.0, 32.0, 64.0, 4.0, 1.0, 4.0, 1.0, 32.0], norm. performance: 0.16238754600772443, norm. power: 0.2671693228832538, norm. area: -0.07633129599415933, time of the VLSI flow: 23702.96025.
2024-06-07 10:53:16,543 [INFO]: summary for 13-th query, current Pareto hypervolume: 5.277790348145992, cost: 539843.858762919.
2024-06-07 10:53:16,543 [INFO]: 14-th query, next microarchitecture embeddings: [[8.0, 3.0, 3.0, 1.0, 16.0, 3.0, 3.0, 32.0, 3.0, 1.0, 24.0, 16.0, 24.0, 32.0, 90.0, 100.0, 96.0, 20.0, 20.0, 64.0, 8.0, 1.0, 32.0, 64.0, 4.0, 1.0, 4.0, 1.0, 32.0]] 'suggest' time: 0.0.
2024-06-07 10:53:16,545 [INFO]: evaluate 1-th candidate in a batch, microarchitecture embedding: [8.0, 3.0, 3.0, 1.0, 16.0, 3.0, 3.0, 32.0, 3.0, 1.0, 24.0, 16.0, 24.0, 32.0, 90.0, 100.0, 96.0, 20.0, 20.0, 64.0, 8.0, 1.0, 32.0, 64.0, 4.0, 1.0, 4.0, 1.0, 32.0], norm. performance: 0.8561391804445244, norm. power: -0.22771388298380535, norm. area: 0.018910245062434373, time of the VLSI flow: 19800.68587.
2024-06-07 10:53:16,551 [INFO]: summary for 14-th query, current Pareto hypervolume: 5.450974727342157, cost: 559644.5511424615.
2024-06-07 10:53:16,552 [INFO]: 15-th query, next microarchitecture embeddings: [[8.0, 3.0, 3.0, 2.0, 16.0, 3.0, 3.0, 32.0, 3.0, 2.0, 24.0, 18.0, 30.0, 36.0, 90.0, 100.0, 96.0, 20.0, 20.0, 64.0, 8.0, 1.0, 32.0, 64.0, 4.0, 1.0, 4.0, 1.0, 32.0]] 'suggest' time: 0.0009989738464355469.
2024-06-07 10:53:16,553 [INFO]: evaluate 1-th candidate in a batch, microarchitecture embedding: [8.0, 3.0, 3.0, 2.0, 16.0, 3.0, 3.0, 32.0, 3.0, 2.0, 24.0, 18.0, 30.0, 36.0, 90.0, 100.0, 96.0, 20.0, 20.0, 64.0, 8.0, 1.0, 32.0, 64.0, 4.0, 1.0, 4.0, 1.0, 32.0], norm. performance: 1.080347993543811, norm. power: 0.33688144621880195, norm. area: -0.04253571835393194, time of the VLSI flow: 23690.15315.
2024-06-07 10:53:16,563 [INFO]: summary for 15-th query, current Pareto hypervolume: 5.5779123915670095, cost: 583334.7148205491.
2024-06-07 10:53:16,563 [INFO]: 16-th query, next microarchitecture embeddings: [[8.0, 3.0, 3.0, 2.0, 20.0, 3.0, 3.0, 36.0, 3.0, 3.0, 28.0, 14.0, 21.0, 30.0, 96.0, 100.0, 96.0, 20.0, 20.0, 64.0, 8.0, 1.0, 32.0, 64.0, 4.0, 1.0, 4.0, 1.0, 32.0]] 'suggest' time: 0.0.
2024-06-07 10:53:16,566 [INFO]: evaluate 1-th candidate in a batch, microarchitecture embedding: [8.0, 3.0, 3.0, 2.0, 20.0, 3.0, 3.0, 36.0, 3.0, 3.0, 28.0, 14.0, 21.0, 30.0, 96.0, 100.0, 96.0, 20.0, 20.0, 64.0, 8.0, 1.0, 32.0, 64.0, 4.0, 1.0, 4.0, 1.0, 32.0], norm. performance: 0.3741820748122638, norm. power: 0.06420259724149732, norm. area: 0.22883412631265868, time of the VLSI flow: 24327.0189.
2024-06-07 10:53:16,575 [INFO]: summary for 16-th query, current Pareto hypervolume: 5.5779123915670095, cost: 607661.7450757108.
2024-06-07 10:53:16,576 [INFO]: 17-th query, next microarchitecture embeddings: [[8.0, 3.0, 3.0, 1.0, 16.0, 3.0, 3.0, 32.0, 3.0, 1.0, 24.0, 14.0, 21.0, 30.0, 90.0, 100.0, 96.0, 20.0, 20.0, 64.0, 8.0, 1.0, 32.0, 64.0, 4.0, 1.0, 4.0, 1.0, 32.0]] 'suggest' time: 0.0.
2024-06-07 10:53:16,578 [INFO]: evaluate 1-th candidate in a batch, microarchitecture embedding: [8.0, 3.0, 3.0, 1.0, 16.0, 3.0, 3.0, 32.0, 3.0, 1.0, 24.0, 14.0, 21.0, 30.0, 90.0, 100.0, 96.0, 20.0, 20.0, 64.0, 8.0, 1.0, 32.0, 64.0, 4.0, 1.0, 4.0, 1.0, 32.0], norm. performance: 0.1290826182691104, norm. power: 0.23039435607836875, norm. area: 0.15513379129016652, time of the VLSI flow: 20025.31238.
2024-06-07 10:53:16,583 [INFO]: summary for 17-th query, current Pareto hypervolume: 5.5779123915670095, cost: 627687.0644559187.
2024-06-07 10:53:16,584 [INFO]: 18-th query, next microarchitecture embeddings: [[8.0, 3.0, 3.0, 2.0, 20.0, 3.0, 3.0, 36.0, 3.0, 3.0, 28.0, 18.0, 30.0, 36.0, 96.0, 100.0, 96.0, 20.0, 20.0, 64.0, 8.0, 1.0, 32.0, 64.0, 4.0, 1.0, 4.0, 1.0, 32.0]] 'suggest' time: 0.0010004043579101562.
2024-06-07 10:53:16,587 [INFO]: evaluate 1-th candidate in a batch, microarchitecture embedding: [8.0, 3.0, 3.0, 2.0, 20.0, 3.0, 3.0, 36.0, 3.0, 3.0, 28.0, 18.0, 30.0, 36.0, 96.0, 100.0, 96.0, 20.0, 20.0, 64.0, 8.0, 1.0, 32.0, 64.0, 4.0, 1.0, 4.0, 1.0, 32.0], norm. performance: 0.9477344432953014, norm. power: 0.025775914622390244, norm. area: 0.4600691318963829, time of the VLSI flow: 24074.97432.
2024-06-07 10:53:16,604 [INFO]: summary for 18-th query, current Pareto hypervolume: 5.59362275248679, cost: 651762.0586142518.
2024-06-07 10:53:16,604 [INFO]: 19-th query, next microarchitecture embeddings: [[8.0, 3.0, 3.0, 2.0, 20.0, 3.0, 3.0, 36.0, 3.0, 3.0, 28.0, 14.0, 21.0, 30.0, 96.0, 100.0, 96.0, 20.0, 20.0, 64.0, 8.0, 1.0, 32.0, 64.0, 4.0, 1.0, 4.0, 1.0, 32.0]] 'suggest' time: 0.0.
2024-06-07 10:53:16,607 [INFO]: evaluate 1-th candidate in a batch, microarchitecture embedding: [8.0, 3.0, 3.0, 2.0, 20.0, 3.0, 3.0, 36.0, 3.0, 3.0, 28.0, 14.0, 21.0, 30.0, 96.0, 100.0, 96.0, 20.0, 20.0, 64.0, 8.0, 1.0, 32.0, 64.0, 4.0, 1.0, 4.0, 1.0, 32.0], norm. performance: 0.3741820748122638, norm. power: 0.06420259724149732, norm. area: 0.22883412631265868, time of the VLSI flow: 24327.0189.
2024-06-07 10:53:16,622 [INFO]: summary for 19-th query, current Pareto hypervolume: 5.59362275248679, cost: 676089.0935355035.
2024-06-07 10:53:16,623 [INFO]: 20-th query, next microarchitecture embeddings: [[8.0, 3.0, 3.0, 2.0, 16.0, 3.0, 3.0, 32.0, 3.0, 2.0, 24.0, 14.0, 21.0, 30.0, 96.0, 100.0, 96.0, 20.0, 20.0, 64.0, 8.0, 1.0, 32.0, 64.0, 4.0, 1.0, 4.0, 1.0, 32.0]] 'suggest' time: 0.0010066032409667969.
2024-06-07 10:53:16,625 [INFO]: evaluate 1-th candidate in a batch, microarchitecture embedding: [8.0, 3.0, 3.0, 2.0, 16.0, 3.0, 3.0, 32.0, 3.0, 2.0, 24.0, 14.0, 21.0, 30.0, 96.0, 100.0, 96.0, 20.0, 20.0, 64.0, 8.0, 1.0, 32.0, 64.0, 4.0, 1.0, 4.0, 1.0, 32.0], norm. performance: 0.8528102419288837, norm. power: 0.35917960971079965, norm. area: 0.27659929933653493, time of the VLSI flow: 23407.14186.
2024-06-07 10:53:16,636 [INFO]: summary for 20-th query, current Pareto hypervolume: 5.59362275248679, cost: 699496.2488961939.
2024-06-07 10:53:16,637 [INFO]: summary for the solution, the best Pareto hypervolume: 5.59362275248679, cost: 699496.2488961939.
2024-06-07 10:53:16,639 [INFO]: save the experiment result. please refer them to D:\2024spring\EDA\EE215A_project\EE215A_project\Resource\Problem C_cases_0622\output\summary\c0ffeec0ffeec0ffeec0ffeec0ffeeee.rpt.
2024-06-07 10:53:41,608 [INFO]: Prolem C @ ICCAD'22 contest platform version: 0.0.9
2024-06-07 10:53:41,609 [INFO]: load solution settings: {'optimizer': 'fmin_l_bfgs_b', 'random_state': 2022}
2024-06-07 10:53:41,609 [INFO] use UUID c0ffeec0ffeec0ffeec0ffeec0ffeeee to reproduce the experiment results.
2024-06-07 10:53:42,173 [INFO]: 1-th query, next microarchitecture embeddings: [[4, 1, 1, 1, 10, 1, 1, 12, 1, 1, 12, 6, 6, 14, 32, 42, 38, 12, 12, 64, 4, 1, 32, 64, 4, 1, 2, 1, 32], [4, 1, 1, 1, 8, 1, 1, 8, 1, 1, 8, 6, 6, 14, 36, 52, 48, 6, 6, 32, 8, 1, 32, 64, 4, 1, 2, 1, 32], [4, 1, 1, 1, 10, 1, 1, 12, 1, 1, 12, 6, 6, 14, 34, 52, 48, 6, 6, 32, 4, 1, 16, 64, 4, 1, 2, 1, 8], [4, 1, 1, 1, 6, 1, 1, 6, 1, 1, 6, 6, 6, 14, 34, 52, 48, 12, 12, 32, 4, 1, 16, 64, 4, 1, 2, 1, 8], [4, 1, 1, 1, 6, 1, 1, 6, 1, 1, 6, 10, 12, 20, 34, 62, 58, 6, 6, 64, 4, 1, 32, 64, 4, 1, 2, 1, 8], [8, 3, 3, 1, 16, 3, 3, 32, 3, 1, 24, 16, 24, 32, 108, 90, 86, 28, 28, 64, 8, 1, 32, 64, 2, 0, 4, 1, 32], [4, 2, 2, 2, 14, 2, 2, 24, 2, 2, 20, 10, 14, 30, 72, 70, 54, 16, 16, 32, 8, 1, 32, 64, 4, 1, 2, 1, 32], [4, 2, 2, 2, 12, 2, 2, 20, 2, 2, 16, 14, 20, 36, 72, 70, 54, 12, 12, 32, 8, 1, 32, 64, 4, 0, 2, 1, 8], [4, 2, 2, 2, 12, 2, 2, 20, 2, 2, 16, 14, 20, 36, 64, 70, 54, 20, 20, 32, 8, 1, 32, 64, 4, 0, 2, 1, 8], [4, 2, 2, 2, 12, 2, 2, 20, 2, 2, 16, 10, 14, 30, 72, 70, 54, 20, 20, 32, 4, 1, 16, 64, 4, 0, 2, 1, 32], [8, 3, 3, 2, 16, 3, 3, 32, 3, 2, 24, 14, 21, 30, 96, 100, 96, 20, 20, 64, 8, 1, 32, 64, 4, 1, 4, 1, 32], [4, 2, 2, 2, 14, 2, 2, 24, 2, 2, 20, 14, 20, 36, 64, 90, 74, 20, 20, 32, 8, 1, 32, 64, 4, 1, 2, 1, 8], [8, 3, 3, 1, 16, 3, 3, 32, 3, 1, 24, 18, 30, 36, 108, 100, 96, 20, 20, 64, 8, 1, 32, 64, 4, 1, 4, 1, 32], [4, 2, 2, 2, 14, 2, 2, 24, 2, 2, 20, 10, 14, 30, 60, 90, 74, 20, 20, 32, 4, 1, 16, 64, 4, 1, 2, 1, 8], [4, 2, 2, 2, 14, 2, 2, 24, 2, 2, 20, 10, 14, 30, 64, 70, 54, 12, 12, 32, 8, 1, 32, 64, 4, 0, 2, 1, 8]] 'suggest' time: 0.0.
2024-06-07 10:53:42,176 [INFO]: evaluate 1-th candidate in a batch, microarchitecture embedding: [4, 1, 1, 1, 10, 1, 1, 12, 1, 1, 12, 6, 6, 14, 32, 42, 38, 12, 12, 64, 4, 1, 32, 64, 4, 1, 2, 1, 32], norm. performance: -1.1385831029274693, norm. power: -1.0030972980072792, norm. area: -0.9102419278109677, time of the VLSI flow: 11605.13554.
2024-06-07 10:53:42,178 [INFO]: evaluate 2-th candidate in a batch, microarchitecture embedding: [4, 1, 1, 1, 8, 1, 1, 8, 1, 1, 8, 6, 6, 14, 36, 52, 48, 6, 6, 32, 8, 1, 32, 64, 4, 1, 2, 1, 32], norm. performance: -1.2410228492704125, norm. power: -1.0030972980072792, norm. area: -0.9303495401040518, time of the VLSI flow: 11079.00638.
2024-06-07 10:53:42,180 [INFO]: evaluate 3-th candidate in a batch, microarchitecture embedding: [4, 1, 1, 1, 10, 1, 1, 12, 1, 1, 12, 6, 6, 14, 34, 52, 48, 6, 6, 32, 4, 1, 16, 64, 4, 1, 2, 1, 8], norm. performance: -1.1886542379778813, norm. power: -1.0030972980072792, norm. area: -0.9614243969398907, time of the VLSI flow: 11768.87486.
2024-06-07 10:53:42,183 [INFO]: evaluate 4-th candidate in a batch, microarchitecture embedding: [4, 1, 1, 1, 6, 1, 1, 6, 1, 1, 6, 6, 6, 14, 34, 52, 48, 12, 12, 32, 4, 1, 16, 64, 4, 1, 2, 1, 8], norm. performance: -1.1179679870772135, norm. power: -1.0030972980072792, norm. area: -0.9591125573900384, time of the VLSI flow: 10943.39649.
2024-06-07 10:53:42,185 [INFO]: evaluate 5-th candidate in a batch, microarchitecture embedding: [4, 1, 1, 1, 6, 1, 1, 6, 1, 1, 6, 10, 12, 20, 34, 62, 58, 6, 6, 64, 4, 1, 32, 64, 4, 1, 2, 1, 8], norm. performance: -1.1830334750681955, norm. power: -1.0030972980072792, norm. area: -0.8825448543873299, time of the VLSI flow: 10813.75571.
2024-06-07 10:53:42,187 [INFO]: evaluate 6-th candidate in a batch, microarchitecture embedding: [8, 3, 3, 1, 16, 3, 3, 32, 3, 1, 24, 16, 24, 32, 108, 90, 86, 28, 28, 64, 8, 1, 32, 64, 2, 0, 4, 1, 32], norm. performance: 0.6120542306306709, norm. power: 0.1236643665534912, norm. area: 0.1943683510235447, time of the VLSI flow: 24797.94368.
2024-06-07 10:53:42,189 [INFO]: evaluate 7-th candidate in a batch, microarchitecture embedding: [4, 2, 2, 2, 14, 2, 2, 24, 2, 2, 20, 10, 14, 30, 72, 70, 54, 16, 16, 32, 8, 1, 32, 64, 4, 1, 2, 1, 32], norm. performance: -0.6544048210020896, norm. power: -0.2878071906953543, norm. area: -0.32388462681482444, time of the VLSI flow: 16434.439.
2024-06-07 10:53:42,191 [INFO]: evaluate 8-th candidate in a batch, microarchitecture embedding: [4, 2, 2, 2, 12, 2, 2, 20, 2, 2, 16, 14, 20, 36, 72, 70, 54, 12, 12, 32, 8, 1, 32, 64, 4, 0, 2, 1, 8], norm. performance: -0.3846816753621297, norm. power: 0.08679223999482828, norm. area: -0.28544189315652413, time of the VLSI flow: 15501.41043.
2024-06-07 10:53:42,194 [INFO]: evaluate 9-th candidate in a batch, microarchitecture embedding: [4, 2, 2, 2, 12, 2, 2, 20, 2, 2, 16, 14, 20, 36, 64, 70, 54, 20, 20, 32, 8, 1, 32, 64, 4, 0, 2, 1, 8], norm. performance: -0.5185555877311618, norm. power: 0.09645963549571639, norm. area: -0.320596264754289, time of the VLSI flow: 20130.47262.
2024-06-07 10:53:42,196 [INFO]: evaluate 10-th candidate in a batch, microarchitecture embedding: [4, 2, 2, 2, 12, 2, 2, 20, 2, 2, 16, 10, 14, 30, 72, 70, 54, 20, 20, 32, 4, 1, 16, 64, 4, 0, 2, 1, 32], norm. performance: -0.3473794780731132, norm. power: -0.7930864902166346, norm. area: -0.5340840449205148, time of the VLSI flow: 19119.5886.
2024-06-07 10:53:42,198 [INFO]: evaluate 11-th candidate in a batch, microarchitecture embedding: [8, 3, 3, 2, 16, 3, 3, 32, 3, 2, 24, 14, 21, 30, 96, 100, 96, 20, 20, 64, 8, 1, 32, 64, 4, 1, 4, 1, 32], norm. performance: 0.8528102419288837, norm. power: 0.35917960971079965, norm. area: 0.27659929933653493, time of the VLSI flow: 23407.14186.
2024-06-07 10:53:42,201 [INFO]: evaluate 12-th candidate in a batch, microarchitecture embedding: [4, 2, 2, 2, 14, 2, 2, 24, 2, 2, 20, 14, 20, 36, 64, 90, 74, 20, 20, 32, 8, 1, 32, 64, 4, 1, 2, 1, 8], norm. performance: -0.09232853003349933, norm. power: -0.766659037189082, norm. area: -0.3774673540775898, time of the VLSI flow: 20735.56996.
2024-06-07 10:53:42,203 [INFO]: evaluate 13-th candidate in a batch, microarchitecture embedding: [8, 3, 3, 1, 16, 3, 3, 32, 3, 1, 24, 18, 30, 36, 108, 100, 96, 20, 20, 64, 8, 1, 32, 64, 4, 1, 4, 1, 32], norm. performance: 0.9538751762278038, norm. power: 0.43462415851923614, norm. area: -0.21763612553814335, time of the VLSI flow: 19806.2596.
2024-06-07 10:53:42,205 [INFO]: evaluate 14-th candidate in a batch, microarchitecture embedding: [4, 2, 2, 2, 14, 2, 2, 24, 2, 2, 20, 10, 14, 30, 60, 90, 74, 20, 20, 32, 4, 1, 16, 64, 4, 1, 2, 1, 8], norm. performance: -0.40773556365635677, norm. power: -0.4135804919606745, norm. area: -0.5418205409637308, time of the VLSI flow: 18447.32933.
2024-06-07 10:53:42,207 [INFO]: evaluate 15-th candidate in a batch, microarchitecture embedding: [4, 2, 2, 2, 14, 2, 2, 24, 2, 2, 20, 10, 14, 30, 64, 70, 54, 12, 12, 32, 8, 1, 32, 64, 4, 0, 2, 1, 8], norm. performance: -0.5952116031600908, norm. power: -0.3236591398393507, norm. area: -0.5767333294195243, time of the VLSI flow: 15010.91285.
2024-06-07 10:53:42,214 [INFO]: summary for 1-th query, current Pareto hypervolume: 4.927003266916756, cost: 249601.27393139852.
2024-06-07 10:53:42,216 [INFO]: 2-th query, next microarchitecture embeddings: [[8.0, 3.0, 3.0, 2.0, 16.0, 3.0, 3.0, 32.0, 3.0, 2.0, 24.0, 14.0, 21.0, 30.0, 90.0, 100.0, 96.0, 20.0, 20.0, 64.0, 8.0, 1.0, 32.0, 64.0, 4.0, 1.0, 4.0, 1.0, 32.0]] 'suggest' time: 0.0016150474548339844.
2024-06-07 10:53:42,218 [INFO]: evaluate 1-th candidate in a batch, microarchitecture embedding: [8.0, 3.0, 3.0, 2.0, 16.0, 3.0, 3.0, 32.0, 3.0, 2.0, 24.0, 14.0, 21.0, 30.0, 90.0, 100.0, 96.0, 20.0, 20.0, 64.0, 8.0, 1.0, 32.0, 64.0, 4.0, 1.0, 4.0, 1.0, 32.0], norm. performance: 0.5213604375477123, norm. power: -0.05598401818160101, norm. area: -0.18885942563915792, time of the VLSI flow: 23963.37508.
2024-06-07 10:53:42,224 [INFO]: summary for 2-th query, current Pareto hypervolume: 5.132461156999049, cost: 273564.6575415385.
2024-06-07 10:53:42,224 [INFO]: 3-th query, next microarchitecture embeddings: [[8.0, 3.0, 3.0, 2.0, 16.0, 3.0, 3.0, 32.0, 3.0, 2.0, 24.0, 16.0, 24.0, 32.0, 90.0, 100.0, 96.0, 20.0, 20.0, 64.0, 8.0, 1.0, 32.0, 64.0, 4.0, 1.0, 4.0, 1.0, 32.0]] 'suggest' time: 0.0.
2024-06-07 10:53:42,227 [INFO]: evaluate 1-th candidate in a batch, microarchitecture embedding: [8.0, 3.0, 3.0, 2.0, 16.0, 3.0, 3.0, 32.0, 3.0, 2.0, 24.0, 16.0, 24.0, 32.0, 90.0, 100.0, 96.0, 20.0, 20.0, 64.0, 8.0, 1.0, 32.0, 64.0, 4.0, 1.0, 4.0, 1.0, 32.0], norm. performance: 0.8448058120939488, norm. power: 0.009210176603281163, norm. area: 0.27311508277098645, time of the VLSI flow: 26772.95754.
2024-06-07 10:53:42,234 [INFO]: summary for 3-th query, current Pareto hypervolume: 5.200322855448506, cost: 300337.6240897076.
2024-06-07 10:53:42,235 [INFO]: 4-th query, next microarchitecture embeddings: [[8.0, 3.0, 3.0, 2.0, 16.0, 3.0, 3.0, 32.0, 3.0, 2.0, 24.0, 16.0, 24.0, 32.0, 108.0, 100.0, 96.0, 20.0, 20.0, 64.0, 8.0, 1.0, 32.0, 64.0, 4.0, 1.0, 4.0, 1.0, 32.0]] 'suggest' time: 0.0.
2024-06-07 10:53:42,238 [INFO]: evaluate 1-th candidate in a batch, microarchitecture embedding: [8.0, 3.0, 3.0, 2.0, 16.0, 3.0, 3.0, 32.0, 3.0, 2.0, 24.0, 16.0, 24.0, 32.0, 108.0, 100.0, 96.0, 20.0, 20.0, 64.0, 8.0, 1.0, 32.0, 64.0, 4.0, 1.0, 4.0, 1.0, 32.0], norm. performance: 0.08140221495403963, norm. power: 0.687628157356543, norm. area: 0.14667619771858945, time of the VLSI flow: 27508.02783.
2024-06-07 10:53:42,245 [INFO]: summary for 4-th query, current Pareto hypervolume: 5.200322855448506, cost: 327845.6619368642.
2024-06-07 10:53:42,246 [INFO]: 5-th query, next microarchitecture embeddings: [[8.0, 3.0, 3.0, 1.0, 16.0, 3.0, 3.0, 32.0, 3.0, 1.0, 24.0, 14.0, 21.0, 30.0, 108.0, 100.0, 96.0, 20.0, 20.0, 64.0, 8.0, 1.0, 32.0, 64.0, 4.0, 1.0, 4.0, 1.0, 32.0]] 'suggest' time: 0.0009989738464355469.
2024-06-07 10:53:42,249 [INFO]: evaluate 1-th candidate in a batch, microarchitecture embedding: [8.0, 3.0, 3.0, 1.0, 16.0, 3.0, 3.0, 32.0, 3.0, 1.0, 24.0, 14.0, 21.0, 30.0, 108.0, 100.0, 96.0, 20.0, 20.0, 64.0, 8.0, 1.0, 32.0, 64.0, 4.0, 1.0, 4.0, 1.0, 32.0], norm. performance: 0.6627922837538256, norm. power: 0.6869966189569876, norm. area: 0.03083413239863857, time of the VLSI flow: 19821.94949.
2024-06-07 10:53:42,257 [INFO]: summary for 5-th query, current Pareto hypervolume: 5.200322855448506, cost: 347667.62144354393.
2024-06-07 10:53:42,258 [INFO]: 6-th query, next microarchitecture embeddings: [[8.0, 3.0, 3.0, 2.0, 20.0, 3.0, 3.0, 36.0, 3.0, 3.0, 28.0, 16.0, 24.0, 32.0, 90.0, 100.0, 96.0, 20.0, 20.0, 64.0, 8.0, 1.0, 32.0, 64.0, 4.0, 1.0, 4.0, 1.0, 32.0]] 'suggest' time: 0.0.
2024-06-07 10:53:42,260 [INFO]: evaluate 1-th candidate in a batch, microarchitecture embedding: [8.0, 3.0, 3.0, 2.0, 20.0, 3.0, 3.0, 36.0, 3.0, 3.0, 28.0, 16.0, 24.0, 32.0, 90.0, 100.0, 96.0, 20.0, 20.0, 64.0, 8.0, 1.0, 32.0, 64.0, 4.0, 1.0, 4.0, 1.0, 32.0], norm. performance: 0.16238754600772443, norm. power: 0.2671693228832538, norm. area: -0.07633129599415933, time of the VLSI flow: 23702.96025.
2024-06-07 10:53:42,270 [INFO]: summary for 6-th query, current Pareto hypervolume: 5.200322855448506, cost: 371370.59185708954.
2024-06-07 10:53:42,270 [INFO]: 7-th query, next microarchitecture embeddings: [[8.0, 3.0, 3.0, 2.0, 16.0, 3.0, 3.0, 32.0, 3.0, 2.0, 24.0, 14.0, 21.0, 30.0, 90.0, 100.0, 96.0, 20.0, 20.0, 64.0, 8.0, 1.0, 32.0, 64.0, 4.0, 1.0, 4.0, 1.0, 32.0]] 'suggest' time: 0.0.
2024-06-07 10:53:42,272 [INFO]: evaluate 1-th candidate in a batch, microarchitecture embedding: [8.0, 3.0, 3.0, 2.0, 16.0, 3.0, 3.0, 32.0, 3.0, 2.0, 24.0, 14.0, 21.0, 30.0, 90.0, 100.0, 96.0, 20.0, 20.0, 64.0, 8.0, 1.0, 32.0, 64.0, 4.0, 1.0, 4.0, 1.0, 32.0], norm. performance: 0.5213604375477123, norm. power: -0.05598401818160101, norm. area: -0.18885942563915792, time of the VLSI flow: 23963.37508.
2024-06-07 10:53:42,281 [INFO]: summary for 7-th query, current Pareto hypervolume: 5.200322855448506, cost: 395333.9769535309.
2024-06-07 10:53:42,282 [INFO]: 8-th query, next microarchitecture embeddings: [[8.0, 3.0, 3.0, 2.0, 16.0, 3.0, 3.0, 32.0, 3.0, 2.0, 24.0, 16.0, 24.0, 32.0, 90.0, 100.0, 96.0, 20.0, 20.0, 64.0, 8.0, 1.0, 32.0, 64.0, 4.0, 1.0, 4.0, 1.0, 32.0]] 'suggest' time: 0.0015034675598144531.
2024-06-07 10:53:42,284 [INFO]: evaluate 1-th candidate in a batch, microarchitecture embedding: [8.0, 3.0, 3.0, 2.0, 16.0, 3.0, 3.0, 32.0, 3.0, 2.0, 24.0, 16.0, 24.0, 32.0, 90.0, 100.0, 96.0, 20.0, 20.0, 64.0, 8.0, 1.0, 32.0, 64.0, 4.0, 1.0, 4.0, 1.0, 32.0], norm. performance: 0.8448058120939488, norm. power: 0.009210176603281163, norm. area: 0.27311508277098645, time of the VLSI flow: 26772.95754.
2024-06-07 10:53:42,290 [INFO]: summary for 8-th query, current Pareto hypervolume: 5.200322855448506, cost: 422106.9424290549.
2024-06-07 10:53:42,290 [INFO]: 9-th query, next microarchitecture embeddings: [[8.0, 3.0, 3.0, 2.0, 16.0, 3.0, 3.0, 32.0, 3.0, 2.0, 24.0, 16.0, 24.0, 32.0, 108.0, 100.0, 96.0, 20.0, 20.0, 64.0, 8.0, 1.0, 32.0, 64.0, 4.0, 1.0, 4.0, 1.0, 32.0]] 'suggest' time: 0.0.
2024-06-07 10:53:42,293 [INFO]: evaluate 1-th candidate in a batch, microarchitecture embedding: [8.0, 3.0, 3.0, 2.0, 16.0, 3.0, 3.0, 32.0, 3.0, 2.0, 24.0, 16.0, 24.0, 32.0, 108.0, 100.0, 96.0, 20.0, 20.0, 64.0, 8.0, 1.0, 32.0, 64.0, 4.0, 1.0, 4.0, 1.0, 32.0], norm. performance: 0.08140221495403963, norm. power: 0.687628157356543, norm. area: 0.14667619771858945, time of the VLSI flow: 27508.02783.
2024-06-07 10:53:42,296 [INFO]: summary for 9-th query, current Pareto hypervolume: 5.200322855448506, cost: 449614.97683678503.
2024-06-07 10:53:42,297 [INFO]: 10-th query, next microarchitecture embeddings: [[8.0, 3.0, 3.0, 1.0, 16.0, 3.0, 3.0, 32.0, 3.0, 1.0, 24.0, 16.0, 24.0, 32.0, 108.0, 100.0, 96.0, 20.0, 20.0, 64.0, 8.0, 1.0, 32.0, 64.0, 4.0, 1.0, 4.0, 1.0, 32.0]] 'suggest' time: 0.0009987354278564453.
2024-06-07 10:53:42,299 [INFO]: evaluate 1-th candidate in a batch, microarchitecture embedding: [8.0, 3.0, 3.0, 1.0, 16.0, 3.0, 3.0, 32.0, 3.0, 1.0, 24.0, 16.0, 24.0, 32.0, 108.0, 100.0, 96.0, 20.0, 20.0, 64.0, 8.0, 1.0, 32.0, 64.0, 4.0, 1.0, 4.0, 1.0, 32.0], norm. performance: 0.9369450653218567, norm. power: 0.6462866821241028, norm. area: 0.013875199667572165, time of the VLSI flow: 19372.88755.
2024-06-07 10:53:42,307 [INFO]: summary for 10-th query, current Pareto hypervolume: 5.200322855448506, cost: 468987.8743994118.
2024-06-07 10:53:42,308 [INFO]: 11-th query, next microarchitecture embeddings: [[8.0, 3.0, 3.0, 1.0, 16.0, 3.0, 3.0, 32.0, 3.0, 1.0, 24.0, 18.0, 30.0, 36.0, 96.0, 100.0, 96.0, 20.0, 20.0, 64.0, 8.0, 1.0, 32.0, 64.0, 4.0, 1.0, 4.0, 1.0, 32.0]] 'suggest' time: 0.0010013580322265625.
2024-06-07 10:53:42,310 [INFO]: evaluate 1-th candidate in a batch, microarchitecture embedding: [8.0, 3.0, 3.0, 1.0, 16.0, 3.0, 3.0, 32.0, 3.0, 1.0, 24.0, 18.0, 30.0, 36.0, 96.0, 100.0, 96.0, 20.0, 20.0, 64.0, 8.0, 1.0, 32.0, 64.0, 4.0, 1.0, 4.0, 1.0, 32.0], norm. performance: 0.4085071611282518, norm. power: -0.33765014438334906, norm. area: 0.462243166250354, time of the VLSI flow: 20380.04292.
2024-06-07 10:53:42,319 [INFO]: summary for 11-th query, current Pareto hypervolume: 5.277790348145992, cost: 489367.9293552585.
2024-06-07 10:53:42,320 [INFO]: 12-th query, next microarchitecture embeddings: [[8.0, 3.0, 3.0, 2.0, 16.0, 3.0, 3.0, 32.0, 3.0, 2.0, 24.0, 16.0, 24.0, 32.0, 90.0, 100.0, 96.0, 20.0, 20.0, 64.0, 8.0, 1.0, 32.0, 64.0, 4.0, 1.0, 4.0, 1.0, 32.0]] 'suggest' time: 0.001001119613647461.
2024-06-07 10:53:42,322 [INFO]: evaluate 1-th candidate in a batch, microarchitecture embedding: [8.0, 3.0, 3.0, 2.0, 16.0, 3.0, 3.0, 32.0, 3.0, 2.0, 24.0, 16.0, 24.0, 32.0, 90.0, 100.0, 96.0, 20.0, 20.0, 64.0, 8.0, 1.0, 32.0, 64.0, 4.0, 1.0, 4.0, 1.0, 32.0], norm. performance: 0.8448058120939488, norm. power: 0.009210176603281163, norm. area: 0.27311508277098645, time of the VLSI flow: 26772.95754.
2024-06-07 10:53:42,333 [INFO]: summary for 12-th query, current Pareto hypervolume: 5.277790348145992, cost: 516140.89991267445.
2024-06-07 10:53:42,333 [INFO]: 13-th query, next microarchitecture embeddings: [[8.0, 3.0, 3.0, 2.0, 20.0, 3.0, 3.0, 36.0, 3.0, 3.0, 28.0, 16.0, 24.0, 32.0, 90.0, 100.0, 96.0, 20.0, 20.0, 64.0, 8.0, 1.0, 32.0, 64.0, 4.0, 1.0, 4.0, 1.0, 32.0]] 'suggest' time: 0.0.
2024-06-07 10:53:42,336 [INFO]: evaluate 1-th candidate in a batch, microarchitecture embedding: [8.0, 3.0, 3.0, 2.0, 20.0, 3.0, 3.0, 36.0, 3.0, 3.0, 28.0, 16.0, 24.0, 32.0, 90.0, 100.0, 96.0, 20.0, 20.0, 64.0, 8.0, 1.0, 32.0, 64.0, 4.0, 1.0, 4.0, 1.0, 32.0], norm. performance: 0.16238754600772443, norm. power: 0.2671693228832538, norm. area: -0.07633129599415933, time of the VLSI flow: 23702.96025.
2024-06-07 10:53:42,340 [INFO]: summary for 13-th query, current Pareto hypervolume: 5.277790348145992, cost: 539843.8663656106.
2024-06-07 10:53:42,341 [INFO]: 14-th query, next microarchitecture embeddings: [[8.0, 3.0, 3.0, 1.0, 16.0, 3.0, 3.0, 32.0, 3.0, 1.0, 24.0, 16.0, 24.0, 32.0, 90.0, 100.0, 96.0, 20.0, 20.0, 64.0, 8.0, 1.0, 32.0, 64.0, 4.0, 1.0, 4.0, 1.0, 32.0]] 'suggest' time: 0.0.
2024-06-07 10:53:42,343 [INFO]: evaluate 1-th candidate in a batch, microarchitecture embedding: [8.0, 3.0, 3.0, 1.0, 16.0, 3.0, 3.0, 32.0, 3.0, 1.0, 24.0, 16.0, 24.0, 32.0, 90.0, 100.0, 96.0, 20.0, 20.0, 64.0, 8.0, 1.0, 32.0, 64.0, 4.0, 1.0, 4.0, 1.0, 32.0], norm. performance: 0.8561391804445244, norm. power: -0.22771388298380535, norm. area: 0.018910245062434373, time of the VLSI flow: 19800.68587.
2024-06-07 10:53:42,349 [INFO]: summary for 14-th query, current Pareto hypervolume: 5.450974727342157, cost: 559644.5573358609.
2024-06-07 10:53:42,350 [INFO]: 15-th query, next microarchitecture embeddings: [[8.0, 3.0, 3.0, 2.0, 16.0, 3.0, 3.0, 32.0, 3.0, 2.0, 24.0, 18.0, 30.0, 36.0, 90.0, 100.0, 96.0, 20.0, 20.0, 64.0, 8.0, 1.0, 32.0, 64.0, 4.0, 1.0, 4.0, 1.0, 32.0]] 'suggest' time: 0.0009996891021728516.
2024-06-07 10:53:42,352 [INFO]: evaluate 1-th candidate in a batch, microarchitecture embedding: [8.0, 3.0, 3.0, 2.0, 16.0, 3.0, 3.0, 32.0, 3.0, 2.0, 24.0, 18.0, 30.0, 36.0, 90.0, 100.0, 96.0, 20.0, 20.0, 64.0, 8.0, 1.0, 32.0, 64.0, 4.0, 1.0, 4.0, 1.0, 32.0], norm. performance: 1.080347993543811, norm. power: 0.33688144621880195, norm. area: -0.04253571835393194, time of the VLSI flow: 23690.15315.
2024-06-07 10:53:42,360 [INFO]: summary for 15-th query, current Pareto hypervolume: 5.5779123915670095, cost: 583334.7217408868.
2024-06-07 10:53:42,361 [INFO]: 16-th query, next microarchitecture embeddings: [[8.0, 3.0, 3.0, 2.0, 20.0, 3.0, 3.0, 36.0, 3.0, 3.0, 28.0, 14.0, 21.0, 30.0, 96.0, 100.0, 96.0, 20.0, 20.0, 64.0, 8.0, 1.0, 32.0, 64.0, 4.0, 1.0, 4.0, 1.0, 32.0]] 'suggest' time: 0.0.
2024-06-07 10:53:42,363 [INFO]: evaluate 1-th candidate in a batch, microarchitecture embedding: [8.0, 3.0, 3.0, 2.0, 20.0, 3.0, 3.0, 36.0, 3.0, 3.0, 28.0, 14.0, 21.0, 30.0, 96.0, 100.0, 96.0, 20.0, 20.0, 64.0, 8.0, 1.0, 32.0, 64.0, 4.0, 1.0, 4.0, 1.0, 32.0], norm. performance: 0.3741820748122638, norm. power: 0.06420259724149732, norm. area: 0.22883412631265868, time of the VLSI flow: 24327.0189.
2024-06-07 10:53:42,374 [INFO]: summary for 16-th query, current Pareto hypervolume: 5.5779123915670095, cost: 607661.7541649423.
2024-06-07 10:53:42,375 [INFO]: 17-th query, next microarchitecture embeddings: [[8.0, 3.0, 3.0, 1.0, 16.0, 3.0, 3.0, 32.0, 3.0, 1.0, 24.0, 14.0, 21.0, 30.0, 90.0, 100.0, 96.0, 20.0, 20.0, 64.0, 8.0, 1.0, 32.0, 64.0, 4.0, 1.0, 4.0, 1.0, 32.0]] 'suggest' time: 0.0.
2024-06-07 10:53:42,377 [INFO]: evaluate 1-th candidate in a batch, microarchitecture embedding: [8.0, 3.0, 3.0, 1.0, 16.0, 3.0, 3.0, 32.0, 3.0, 1.0, 24.0, 14.0, 21.0, 30.0, 90.0, 100.0, 96.0, 20.0, 20.0, 64.0, 8.0, 1.0, 32.0, 64.0, 4.0, 1.0, 4.0, 1.0, 32.0], norm. performance: 0.1290826182691104, norm. power: 0.23039435607836875, norm. area: 0.15513379129016652, time of the VLSI flow: 20025.31238.
2024-06-07 10:53:42,382 [INFO]: summary for 17-th query, current Pareto hypervolume: 5.5779123915670095, cost: 627687.0726265234.
2024-06-07 10:53:42,384 [INFO]: 18-th query, next microarchitecture embeddings: [[8.0, 3.0, 3.0, 2.0, 20.0, 3.0, 3.0, 36.0, 3.0, 3.0, 28.0, 18.0, 30.0, 36.0, 96.0, 100.0, 96.0, 20.0, 20.0, 64.0, 8.0, 1.0, 32.0, 64.0, 4.0, 1.0, 4.0, 1.0, 32.0]] 'suggest' time: 0.0013036727905273438.
2024-06-07 10:53:42,386 [INFO]: evaluate 1-th candidate in a batch, microarchitecture embedding: [8.0, 3.0, 3.0, 2.0, 20.0, 3.0, 3.0, 36.0, 3.0, 3.0, 28.0, 18.0, 30.0, 36.0, 96.0, 100.0, 96.0, 20.0, 20.0, 64.0, 8.0, 1.0, 32.0, 64.0, 4.0, 1.0, 4.0, 1.0, 32.0], norm. performance: 0.9477344432953014, norm. power: 0.025775914622390244, norm. area: 0.4600691318963829, time of the VLSI flow: 24074.97432.
2024-06-07 10:53:42,399 [INFO]: summary for 18-th query, current Pareto hypervolume: 5.59362275248679, cost: 651762.0627405621.
2024-06-07 10:53:42,400 [INFO]: 19-th query, next microarchitecture embeddings: [[8.0, 3.0, 3.0, 2.0, 20.0, 3.0, 3.0, 36.0, 3.0, 3.0, 28.0, 14.0, 21.0, 30.0, 96.0, 100.0, 96.0, 20.0, 20.0, 64.0, 8.0, 1.0, 32.0, 64.0, 4.0, 1.0, 4.0, 1.0, 32.0]] 'suggest' time: 0.0010006427764892578.
2024-06-07 10:53:42,402 [INFO]: evaluate 1-th candidate in a batch, microarchitecture embedding: [8.0, 3.0, 3.0, 2.0, 20.0, 3.0, 3.0, 36.0, 3.0, 3.0, 28.0, 14.0, 21.0, 30.0, 96.0, 100.0, 96.0, 20.0, 20.0, 64.0, 8.0, 1.0, 32.0, 64.0, 4.0, 1.0, 4.0, 1.0, 32.0], norm. performance: 0.3741820748122638, norm. power: 0.06420259724149732, norm. area: 0.22883412631265868, time of the VLSI flow: 24327.0189.
2024-06-07 10:53:42,412 [INFO]: summary for 19-th query, current Pareto hypervolume: 5.59362275248679, cost: 676089.0946553556.
2024-06-07 10:53:42,413 [INFO]: 20-th query, next microarchitecture embeddings: [[8.0, 3.0, 3.0, 2.0, 16.0, 3.0, 3.0, 32.0, 3.0, 2.0, 24.0, 14.0, 21.0, 30.0, 96.0, 100.0, 96.0, 20.0, 20.0, 64.0, 8.0, 1.0, 32.0, 64.0, 4.0, 1.0, 4.0, 1.0, 32.0]] 'suggest' time: 0.0.
2024-06-07 10:53:42,415 [INFO]: evaluate 1-th candidate in a batch, microarchitecture embedding: [8.0, 3.0, 3.0, 2.0, 16.0, 3.0, 3.0, 32.0, 3.0, 2.0, 24.0, 14.0, 21.0, 30.0, 96.0, 100.0, 96.0, 20.0, 20.0, 64.0, 8.0, 1.0, 32.0, 64.0, 4.0, 1.0, 4.0, 1.0, 32.0], norm. performance: 0.8528102419288837, norm. power: 0.35917960971079965, norm. area: 0.27659929933653493, time of the VLSI flow: 23407.14186.
2024-06-07 10:53:42,425 [INFO]: summary for 20-th query, current Pareto hypervolume: 5.59362275248679, cost: 699496.2480779414.
2024-06-07 10:53:42,426 [INFO]: 21-th query, next microarchitecture embeddings: [[8.0, 3.0, 3.0, 2.0, 20.0, 3.0, 3.0, 36.0, 3.0, 3.0, 28.0, 14.0, 21.0, 30.0, 96.0, 100.0, 96.0, 20.0, 20.0, 64.0, 8.0, 1.0, 32.0, 64.0, 4.0, 1.0, 4.0, 1.0, 32.0]] 'suggest' time: 0.0.
2024-06-07 10:53:42,428 [INFO]: evaluate 1-th candidate in a batch, microarchitecture embedding: [8.0, 3.0, 3.0, 2.0, 20.0, 3.0, 3.0, 36.0, 3.0, 3.0, 28.0, 14.0, 21.0, 30.0, 96.0, 100.0, 96.0, 20.0, 20.0, 64.0, 8.0, 1.0, 32.0, 64.0, 4.0, 1.0, 4.0, 1.0, 32.0], norm. performance: 0.3741820748122638, norm. power: 0.06420259724149732, norm. area: 0.22883412631265868, time of the VLSI flow: 24327.0189.
2024-06-07 10:53:42,437 [INFO]: summary for 21-th query, current Pareto hypervolume: 5.59362275248679, cost: 723823.2784926051.
2024-06-07 10:53:42,438 [INFO]: 22-th query, next microarchitecture embeddings: [[8.0, 3.0, 3.0, 2.0, 16.0, 3.0, 3.0, 32.0, 3.0, 2.0, 24.0, 18.0, 30.0, 36.0, 96.0, 100.0, 96.0, 20.0, 20.0, 64.0, 8.0, 1.0, 32.0, 64.0, 4.0, 1.0, 4.0, 1.0, 32.0]] 'suggest' time: 0.0.
2024-06-07 10:53:42,440 [INFO]: evaluate 1-th candidate in a batch, microarchitecture embedding: [8.0, 3.0, 3.0, 2.0, 16.0, 3.0, 3.0, 32.0, 3.0, 2.0, 24.0, 18.0, 30.0, 36.0, 96.0, 100.0, 96.0, 20.0, 20.0, 64.0, 8.0, 1.0, 32.0, 64.0, 4.0, 1.0, 4.0, 1.0, 32.0], norm. performance: 0.7564038434050349, norm. power: 0.034617452216167174, norm. area: 0.403218367154521, time of the VLSI flow: 23663.02705.
2024-06-07 10:53:42,448 [INFO]: summary for 22-th query, current Pareto hypervolume: 5.59362275248679, cost: 747486.315678971.
2024-06-07 10:53:42,449 [INFO]: 23-th query, next microarchitecture embeddings: [[8.0, 3.0, 3.0, 2.0, 20.0, 3.0, 3.0, 36.0, 3.0, 3.0, 28.0, 16.0, 24.0, 32.0, 90.0, 100.0, 96.0, 20.0, 20.0, 64.0, 8.0, 1.0, 32.0, 64.0, 4.0, 1.0, 4.0, 1.0, 32.0]] 'suggest' time: 0.0009996891021728516.
2024-06-07 10:53:42,451 [INFO]: evaluate 1-th candidate in a batch, microarchitecture embedding: [8.0, 3.0, 3.0, 2.0, 20.0, 3.0, 3.0, 36.0, 3.0, 3.0, 28.0, 16.0, 24.0, 32.0, 90.0, 100.0, 96.0, 20.0, 20.0, 64.0, 8.0, 1.0, 32.0, 64.0, 4.0, 1.0, 4.0, 1.0, 32.0], norm. performance: 0.16238754600772443, norm. power: 0.2671693228832538, norm. area: -0.07633129599415933, time of the VLSI flow: 23702.96025.
2024-06-07 10:53:42,461 [INFO]: summary for 23-th query, current Pareto hypervolume: 5.59362275248679, cost: 771189.2884440391.
2024-06-07 10:53:42,462 [INFO]: 24-th query, next microarchitecture embeddings: [[8.0, 3.0, 3.0, 2.0, 20.0, 3.0, 3.0, 36.0, 3.0, 3.0, 28.0, 18.0, 30.0, 36.0, 90.0, 100.0, 96.0, 20.0, 20.0, 64.0, 8.0, 1.0, 32.0, 64.0, 4.0, 1.0, 4.0, 1.0, 32.0]] 'suggest' time: 0.0009999275207519531.
2024-06-07 10:53:42,464 [INFO]: evaluate 1-th candidate in a batch, microarchitecture embedding: [8.0, 3.0, 3.0, 2.0, 20.0, 3.0, 3.0, 36.0, 3.0, 3.0, 28.0, 18.0, 30.0, 36.0, 90.0, 100.0, 96.0, 20.0, 20.0, 64.0, 8.0, 1.0, 32.0, 64.0, 4.0, 1.0, 4.0, 1.0, 32.0], norm. performance: 0.29432570041137945, norm. power: -0.2840179602980213, norm. area: 0.2998771853377269, time of the VLSI flow: 24684.29898.
2024-06-07 10:53:42,506 [INFO]: summary for 24-th query, current Pareto hypervolume: 5.597157493254121, cost: 795873.6324391357.
2024-06-07 10:53:42,507 [INFO]: 25-th query, next microarchitecture embeddings: [[8.0, 3.0, 3.0, 2.0, 16.0, 3.0, 3.0, 32.0, 3.0, 2.0, 24.0, 18.0, 30.0, 36.0, 96.0, 100.0, 96.0, 20.0, 20.0, 64.0, 8.0, 1.0, 32.0, 64.0, 4.0, 1.0, 4.0, 1.0, 32.0]] 'suggest' time: 0.0.
2024-06-07 10:53:42,511 [INFO]: evaluate 1-th candidate in a batch, microarchitecture embedding: [8.0, 3.0, 3.0, 2.0, 16.0, 3.0, 3.0, 32.0, 3.0, 2.0, 24.0, 18.0, 30.0, 36.0, 96.0, 100.0, 96.0, 20.0, 20.0, 64.0, 8.0, 1.0, 32.0, 64.0, 4.0, 1.0, 4.0, 1.0, 32.0], norm. performance: 0.7564038434050349, norm. power: 0.034617452216167174, norm. area: 0.403218367154521, time of the VLSI flow: 23663.02705.
2024-06-07 10:53:42,552 [INFO]: summary for 25-th query, current Pareto hypervolume: 5.597157493254121, cost: 819536.702102642.
2024-06-07 10:53:42,553 [INFO]: summary for the solution, the best Pareto hypervolume: 5.597157493254121, cost: 819536.702102642.
2024-06-07 10:53:42,556 [INFO]: save the experiment result. please refer them to D:\2024spring\EDA\EE215A_project\EE215A_project\Resource\Problem C_cases_0622\output\summary\c0ffeec0ffeec0ffeec0ffeec0ffeeee.rpt.
2024-06-07 10:53:49,634 [INFO]: Prolem C @ ICCAD'22 contest platform version: 0.0.9
2024-06-07 10:53:49,634 [INFO]: load solution settings: {'optimizer': 'fmin_l_bfgs_b', 'random_state': 2022}
2024-06-07 10:53:49,635 [INFO] use UUID c0ffeec0ffeec0ffeec0ffeec0ffeeee to reproduce the experiment results.
2024-06-07 10:53:50,201 [INFO]: 1-th query, next microarchitecture embeddings: [[4, 1, 1, 1, 10, 1, 1, 12, 1, 1, 12, 6, 6, 14, 32, 42, 38, 12, 12, 64, 4, 1, 32, 64, 4, 1, 2, 1, 32], [4, 1, 1, 1, 8, 1, 1, 8, 1, 1, 8, 6, 6, 14, 36, 52, 48, 6, 6, 32, 8, 1, 32, 64, 4, 1, 2, 1, 32], [4, 1, 1, 1, 10, 1, 1, 12, 1, 1, 12, 6, 6, 14, 34, 52, 48, 6, 6, 32, 4, 1, 16, 64, 4, 1, 2, 1, 8], [4, 1, 1, 1, 6, 1, 1, 6, 1, 1, 6, 6, 6, 14, 34, 52, 48, 12, 12, 32, 4, 1, 16, 64, 4, 1, 2, 1, 8], [4, 1, 1, 1, 6, 1, 1, 6, 1, 1, 6, 10, 12, 20, 34, 62, 58, 6, 6, 64, 4, 1, 32, 64, 4, 1, 2, 1, 8], [8, 3, 3, 1, 16, 3, 3, 32, 3, 1, 24, 16, 24, 32, 108, 90, 86, 28, 28, 64, 8, 1, 32, 64, 2, 0, 4, 1, 32], [4, 2, 2, 2, 14, 2, 2, 24, 2, 2, 20, 10, 14, 30, 72, 70, 54, 16, 16, 32, 8, 1, 32, 64, 4, 1, 2, 1, 32], [4, 2, 2, 2, 12, 2, 2, 20, 2, 2, 16, 14, 20, 36, 72, 70, 54, 12, 12, 32, 8, 1, 32, 64, 4, 0, 2, 1, 8], [4, 2, 2, 2, 12, 2, 2, 20, 2, 2, 16, 14, 20, 36, 64, 70, 54, 20, 20, 32, 8, 1, 32, 64, 4, 0, 2, 1, 8], [4, 2, 2, 2, 12, 2, 2, 20, 2, 2, 16, 10, 14, 30, 72, 70, 54, 20, 20, 32, 4, 1, 16, 64, 4, 0, 2, 1, 32], [8, 3, 3, 2, 16, 3, 3, 32, 3, 2, 24, 14, 21, 30, 96, 100, 96, 20, 20, 64, 8, 1, 32, 64, 4, 1, 4, 1, 32], [4, 2, 2, 2, 14, 2, 2, 24, 2, 2, 20, 14, 20, 36, 64, 90, 74, 20, 20, 32, 8, 1, 32, 64, 4, 1, 2, 1, 8], [8, 3, 3, 1, 16, 3, 3, 32, 3, 1, 24, 18, 30, 36, 108, 100, 96, 20, 20, 64, 8, 1, 32, 64, 4, 1, 4, 1, 32], [4, 2, 2, 2, 14, 2, 2, 24, 2, 2, 20, 10, 14, 30, 60, 90, 74, 20, 20, 32, 4, 1, 16, 64, 4, 1, 2, 1, 8], [4, 2, 2, 2, 14, 2, 2, 24, 2, 2, 20, 10, 14, 30, 64, 70, 54, 12, 12, 32, 8, 1, 32, 64, 4, 0, 2, 1, 8]] 'suggest' time: 0.0.
2024-06-07 10:53:50,204 [INFO]: evaluate 1-th candidate in a batch, microarchitecture embedding: [4, 1, 1, 1, 10, 1, 1, 12, 1, 1, 12, 6, 6, 14, 32, 42, 38, 12, 12, 64, 4, 1, 32, 64, 4, 1, 2, 1, 32], norm. performance: -1.1385831029274693, norm. power: -1.0030972980072792, norm. area: -0.9102419278109677, time of the VLSI flow: 11605.13554.
2024-06-07 10:53:50,207 [INFO]: evaluate 2-th candidate in a batch, microarchitecture embedding: [4, 1, 1, 1, 8, 1, 1, 8, 1, 1, 8, 6, 6, 14, 36, 52, 48, 6, 6, 32, 8, 1, 32, 64, 4, 1, 2, 1, 32], norm. performance: -1.2410228492704125, norm. power: -1.0030972980072792, norm. area: -0.9303495401040518, time of the VLSI flow: 11079.00638.
2024-06-07 10:53:50,209 [INFO]: evaluate 3-th candidate in a batch, microarchitecture embedding: [4, 1, 1, 1, 10, 1, 1, 12, 1, 1, 12, 6, 6, 14, 34, 52, 48, 6, 6, 32, 4, 1, 16, 64, 4, 1, 2, 1, 8], norm. performance: -1.1886542379778813, norm. power: -1.0030972980072792, norm. area: -0.9614243969398907, time of the VLSI flow: 11768.87486.
2024-06-07 10:53:50,210 [INFO]: evaluate 4-th candidate in a batch, microarchitecture embedding: [4, 1, 1, 1, 6, 1, 1, 6, 1, 1, 6, 6, 6, 14, 34, 52, 48, 12, 12, 32, 4, 1, 16, 64, 4, 1, 2, 1, 8], norm. performance: -1.1179679870772135, norm. power: -1.0030972980072792, norm. area: -0.9591125573900384, time of the VLSI flow: 10943.39649.
2024-06-07 10:53:50,213 [INFO]: evaluate 5-th candidate in a batch, microarchitecture embedding: [4, 1, 1, 1, 6, 1, 1, 6, 1, 1, 6, 10, 12, 20, 34, 62, 58, 6, 6, 64, 4, 1, 32, 64, 4, 1, 2, 1, 8], norm. performance: -1.1830334750681955, norm. power: -1.0030972980072792, norm. area: -0.8825448543873299, time of the VLSI flow: 10813.75571.
2024-06-07 10:53:50,215 [INFO]: evaluate 6-th candidate in a batch, microarchitecture embedding: [8, 3, 3, 1, 16, 3, 3, 32, 3, 1, 24, 16, 24, 32, 108, 90, 86, 28, 28, 64, 8, 1, 32, 64, 2, 0, 4, 1, 32], norm. performance: 0.6120542306306709, norm. power: 0.1236643665534912, norm. area: 0.1943683510235447, time of the VLSI flow: 24797.94368.
2024-06-07 10:53:50,217 [INFO]: evaluate 7-th candidate in a batch, microarchitecture embedding: [4, 2, 2, 2, 14, 2, 2, 24, 2, 2, 20, 10, 14, 30, 72, 70, 54, 16, 16, 32, 8, 1, 32, 64, 4, 1, 2, 1, 32], norm. performance: -0.6544048210020896, norm. power: -0.2878071906953543, norm. area: -0.32388462681482444, time of the VLSI flow: 16434.439.
2024-06-07 10:53:50,219 [INFO]: evaluate 8-th candidate in a batch, microarchitecture embedding: [4, 2, 2, 2, 12, 2, 2, 20, 2, 2, 16, 14, 20, 36, 72, 70, 54, 12, 12, 32, 8, 1, 32, 64, 4, 0, 2, 1, 8], norm. performance: -0.3846816753621297, norm. power: 0.08679223999482828, norm. area: -0.28544189315652413, time of the VLSI flow: 15501.41043.
2024-06-07 10:53:50,221 [INFO]: evaluate 9-th candidate in a batch, microarchitecture embedding: [4, 2, 2, 2, 12, 2, 2, 20, 2, 2, 16, 14, 20, 36, 64, 70, 54, 20, 20, 32, 8, 1, 32, 64, 4, 0, 2, 1, 8], norm. performance: -0.5185555877311618, norm. power: 0.09645963549571639, norm. area: -0.320596264754289, time of the VLSI flow: 20130.47262.
2024-06-07 10:53:50,223 [INFO]: evaluate 10-th candidate in a batch, microarchitecture embedding: [4, 2, 2, 2, 12, 2, 2, 20, 2, 2, 16, 10, 14, 30, 72, 70, 54, 20, 20, 32, 4, 1, 16, 64, 4, 0, 2, 1, 32], norm. performance: -0.3473794780731132, norm. power: -0.7930864902166346, norm. area: -0.5340840449205148, time of the VLSI flow: 19119.5886.
2024-06-07 10:53:50,226 [INFO]: evaluate 11-th candidate in a batch, microarchitecture embedding: [8, 3, 3, 2, 16, 3, 3, 32, 3, 2, 24, 14, 21, 30, 96, 100, 96, 20, 20, 64, 8, 1, 32, 64, 4, 1, 4, 1, 32], norm. performance: 0.8528102419288837, norm. power: 0.35917960971079965, norm. area: 0.27659929933653493, time of the VLSI flow: 23407.14186.
2024-06-07 10:53:50,228 [INFO]: evaluate 12-th candidate in a batch, microarchitecture embedding: [4, 2, 2, 2, 14, 2, 2, 24, 2, 2, 20, 14, 20, 36, 64, 90, 74, 20, 20, 32, 8, 1, 32, 64, 4, 1, 2, 1, 8], norm. performance: -0.09232853003349933, norm. power: -0.766659037189082, norm. area: -0.3774673540775898, time of the VLSI flow: 20735.56996.
2024-06-07 10:53:50,230 [INFO]: evaluate 13-th candidate in a batch, microarchitecture embedding: [8, 3, 3, 1, 16, 3, 3, 32, 3, 1, 24, 18, 30, 36, 108, 100, 96, 20, 20, 64, 8, 1, 32, 64, 4, 1, 4, 1, 32], norm. performance: 0.9538751762278038, norm. power: 0.43462415851923614, norm. area: -0.21763612553814335, time of the VLSI flow: 19806.2596.
2024-06-07 10:53:50,232 [INFO]: evaluate 14-th candidate in a batch, microarchitecture embedding: [4, 2, 2, 2, 14, 2, 2, 24, 2, 2, 20, 10, 14, 30, 60, 90, 74, 20, 20, 32, 4, 1, 16, 64, 4, 1, 2, 1, 8], norm. performance: -0.40773556365635677, norm. power: -0.4135804919606745, norm. area: -0.5418205409637308, time of the VLSI flow: 18447.32933.
2024-06-07 10:53:50,234 [INFO]: evaluate 15-th candidate in a batch, microarchitecture embedding: [4, 2, 2, 2, 14, 2, 2, 24, 2, 2, 20, 10, 14, 30, 64, 70, 54, 12, 12, 32, 8, 1, 32, 64, 4, 0, 2, 1, 8], norm. performance: -0.5952116031600908, norm. power: -0.3236591398393507, norm. area: -0.5767333294195243, time of the VLSI flow: 15010.91285.
2024-06-07 10:53:50,242 [INFO]: summary for 1-th query, current Pareto hypervolume: 4.927003266916756, cost: 249601.2747818376.
2024-06-07 10:53:50,243 [INFO]: 2-th query, next microarchitecture embeddings: [[8.0, 3.0, 3.0, 2.0, 16.0, 3.0, 3.0, 32.0, 3.0, 2.0, 24.0, 14.0, 21.0, 30.0, 90.0, 100.0, 96.0, 20.0, 20.0, 64.0, 8.0, 1.0, 32.0, 64.0, 4.0, 1.0, 4.0, 1.0, 32.0]] 'suggest' time: 0.001001596450805664.
2024-06-07 10:53:50,245 [INFO]: evaluate 1-th candidate in a batch, microarchitecture embedding: [8.0, 3.0, 3.0, 2.0, 16.0, 3.0, 3.0, 32.0, 3.0, 2.0, 24.0, 14.0, 21.0, 30.0, 90.0, 100.0, 96.0, 20.0, 20.0, 64.0, 8.0, 1.0, 32.0, 64.0, 4.0, 1.0, 4.0, 1.0, 32.0], norm. performance: 0.5213604375477123, norm. power: -0.05598401818160101, norm. area: -0.18885942563915792, time of the VLSI flow: 23963.37508.
2024-06-07 10:53:50,252 [INFO]: summary for 2-th query, current Pareto hypervolume: 5.132461156999049, cost: 273564.6574497473.
2024-06-07 10:53:50,253 [INFO]: 3-th query, next microarchitecture embeddings: [[8.0, 3.0, 3.0, 2.0, 16.0, 3.0, 3.0, 32.0, 3.0, 2.0, 24.0, 16.0, 24.0, 32.0, 90.0, 100.0, 96.0, 20.0, 20.0, 64.0, 8.0, 1.0, 32.0, 64.0, 4.0, 1.0, 4.0, 1.0, 32.0]] 'suggest' time: 0.0.
2024-06-07 10:53:50,255 [INFO]: evaluate 1-th candidate in a batch, microarchitecture embedding: [8.0, 3.0, 3.0, 2.0, 16.0, 3.0, 3.0, 32.0, 3.0, 2.0, 24.0, 16.0, 24.0, 32.0, 90.0, 100.0, 96.0, 20.0, 20.0, 64.0, 8.0, 1.0, 32.0, 64.0, 4.0, 1.0, 4.0, 1.0, 32.0], norm. performance: 0.8448058120939488, norm. power: 0.009210176603281163, norm. area: 0.27311508277098645, time of the VLSI flow: 26772.95754.
2024-06-07 10:53:50,263 [INFO]: summary for 3-th query, current Pareto hypervolume: 5.200322855448506, cost: 300337.6249389546.
2024-06-07 10:53:50,264 [INFO]: 4-th query, next microarchitecture embeddings: [[8.0, 3.0, 3.0, 2.0, 16.0, 3.0, 3.0, 32.0, 3.0, 2.0, 24.0, 16.0, 24.0, 32.0, 108.0, 100.0, 96.0, 20.0, 20.0, 64.0, 8.0, 1.0, 32.0, 64.0, 4.0, 1.0, 4.0, 1.0, 32.0]] 'suggest' time: 0.0.
2024-06-07 10:53:50,266 [INFO]: evaluate 1-th candidate in a batch, microarchitecture embedding: [8.0, 3.0, 3.0, 2.0, 16.0, 3.0, 3.0, 32.0, 3.0, 2.0, 24.0, 16.0, 24.0, 32.0, 108.0, 100.0, 96.0, 20.0, 20.0, 64.0, 8.0, 1.0, 32.0, 64.0, 4.0, 1.0, 4.0, 1.0, 32.0], norm. performance: 0.08140221495403963, norm. power: 0.687628157356543, norm. area: 0.14667619771858945, time of the VLSI flow: 27508.02783.
2024-06-07 10:53:50,273 [INFO]: summary for 4-th query, current Pareto hypervolume: 5.200322855448506, cost: 327845.6613069623.
2024-06-07 10:53:50,274 [INFO]: 5-th query, next microarchitecture embeddings: [[8.0, 3.0, 3.0, 1.0, 16.0, 3.0, 3.0, 32.0, 3.0, 1.0, 24.0, 14.0, 21.0, 30.0, 108.0, 100.0, 96.0, 20.0, 20.0, 64.0, 8.0, 1.0, 32.0, 64.0, 4.0, 1.0, 4.0, 1.0, 32.0]] 'suggest' time: 0.0.
2024-06-07 10:53:50,276 [INFO]: evaluate 1-th candidate in a batch, microarchitecture embedding: [8.0, 3.0, 3.0, 1.0, 16.0, 3.0, 3.0, 32.0, 3.0, 1.0, 24.0, 14.0, 21.0, 30.0, 108.0, 100.0, 96.0, 20.0, 20.0, 64.0, 8.0, 1.0, 32.0, 64.0, 4.0, 1.0, 4.0, 1.0, 32.0], norm. performance: 0.6627922837538256, norm. power: 0.6869966189569876, norm. area: 0.03083413239863857, time of the VLSI flow: 19821.94949.
2024-06-07 10:53:50,285 [INFO]: summary for 5-th query, current Pareto hypervolume: 5.200322855448506, cost: 347667.62039545586.
2024-06-07 10:53:50,286 [INFO]: 6-th query, next microarchitecture embeddings: [[8.0, 3.0, 3.0, 2.0, 20.0, 3.0, 3.0, 36.0, 3.0, 3.0, 28.0, 16.0, 24.0, 32.0, 90.0, 100.0, 96.0, 20.0, 20.0, 64.0, 8.0, 1.0, 32.0, 64.0, 4.0, 1.0, 4.0, 1.0, 32.0]] 'suggest' time: 0.0.
2024-06-07 10:53:50,288 [INFO]: evaluate 1-th candidate in a batch, microarchitecture embedding: [8.0, 3.0, 3.0, 2.0, 20.0, 3.0, 3.0, 36.0, 3.0, 3.0, 28.0, 16.0, 24.0, 32.0, 90.0, 100.0, 96.0, 20.0, 20.0, 64.0, 8.0, 1.0, 32.0, 64.0, 4.0, 1.0, 4.0, 1.0, 32.0], norm. performance: 0.16238754600772443, norm. power: 0.2671693228832538, norm. area: -0.07633129599415933, time of the VLSI flow: 23702.96025.
2024-06-07 10:53:50,296 [INFO]: summary for 6-th query, current Pareto hypervolume: 5.200322855448506, cost: 371370.5906607051.
2024-06-07 10:53:50,297 [INFO]: 7-th query, next microarchitecture embeddings: [[8.0, 3.0, 3.0, 2.0, 16.0, 3.0, 3.0, 32.0, 3.0, 2.0, 24.0, 14.0, 21.0, 30.0, 90.0, 100.0, 96.0, 20.0, 20.0, 64.0, 8.0, 1.0, 32.0, 64.0, 4.0, 1.0, 4.0, 1.0, 32.0]] 'suggest' time: 0.0009999275207519531.
2024-06-07 10:53:50,299 [INFO]: evaluate 1-th candidate in a batch, microarchitecture embedding: [8.0, 3.0, 3.0, 2.0, 16.0, 3.0, 3.0, 32.0, 3.0, 2.0, 24.0, 14.0, 21.0, 30.0, 90.0, 100.0, 96.0, 20.0, 20.0, 64.0, 8.0, 1.0, 32.0, 64.0, 4.0, 1.0, 4.0, 1.0, 32.0], norm. performance: 0.5213604375477123, norm. power: -0.05598401818160101, norm. area: -0.18885942563915792, time of the VLSI flow: 23963.37508.
2024-06-07 10:53:50,308 [INFO]: summary for 7-th query, current Pareto hypervolume: 5.200322855448506, cost: 395333.97755553783.
2024-06-07 10:53:50,309 [INFO]: 8-th query, next microarchitecture embeddings: [[8.0, 3.0, 3.0, 2.0, 16.0, 3.0, 3.0, 32.0, 3.0, 2.0, 24.0, 16.0, 24.0, 32.0, 90.0, 100.0, 96.0, 20.0, 20.0, 64.0, 8.0, 1.0, 32.0, 64.0, 4.0, 1.0, 4.0, 1.0, 32.0]] 'suggest' time: 0.0.
2024-06-07 10:53:50,311 [INFO]: evaluate 1-th candidate in a batch, microarchitecture embedding: [8.0, 3.0, 3.0, 2.0, 16.0, 3.0, 3.0, 32.0, 3.0, 2.0, 24.0, 16.0, 24.0, 32.0, 90.0, 100.0, 96.0, 20.0, 20.0, 64.0, 8.0, 1.0, 32.0, 64.0, 4.0, 1.0, 4.0, 1.0, 32.0], norm. performance: 0.8448058120939488, norm. power: 0.009210176603281163, norm. area: 0.27311508277098645, time of the VLSI flow: 26772.95754.
2024-06-07 10:53:50,316 [INFO]: summary for 8-th query, current Pareto hypervolume: 5.200322855448506, cost: 422106.94211815705.
2024-06-07 10:53:50,317 [INFO]: 9-th query, next microarchitecture embeddings: [[8.0, 3.0, 3.0, 2.0, 16.0, 3.0, 3.0, 32.0, 3.0, 2.0, 24.0, 16.0, 24.0, 32.0, 108.0, 100.0, 96.0, 20.0, 20.0, 64.0, 8.0, 1.0, 32.0, 64.0, 4.0, 1.0, 4.0, 1.0, 32.0]] 'suggest' time: 0.0010051727294921875.
2024-06-07 10:53:50,319 [INFO]: evaluate 1-th candidate in a batch, microarchitecture embedding: [8.0, 3.0, 3.0, 2.0, 16.0, 3.0, 3.0, 32.0, 3.0, 2.0, 24.0, 16.0, 24.0, 32.0, 108.0, 100.0, 96.0, 20.0, 20.0, 64.0, 8.0, 1.0, 32.0, 64.0, 4.0, 1.0, 4.0, 1.0, 32.0], norm. performance: 0.08140221495403963, norm. power: 0.687628157356543, norm. area: 0.14667619771858945, time of the VLSI flow: 27508.02783.
2024-06-07 10:53:50,323 [INFO]: summary for 9-th query, current Pareto hypervolume: 5.200322855448506, cost: 449614.97766481276.
2024-06-07 10:53:50,324 [INFO]: 10-th query, next microarchitecture embeddings: [[8.0, 3.0, 3.0, 1.0, 16.0, 3.0, 3.0, 32.0, 3.0, 1.0, 24.0, 16.0, 24.0, 32.0, 108.0, 100.0, 96.0, 20.0, 20.0, 64.0, 8.0, 1.0, 32.0, 64.0, 4.0, 1.0, 4.0, 1.0, 32.0]] 'suggest' time: 0.0010001659393310547.
2024-06-07 10:53:50,326 [INFO]: evaluate 1-th candidate in a batch, microarchitecture embedding: [8.0, 3.0, 3.0, 1.0, 16.0, 3.0, 3.0, 32.0, 3.0, 1.0, 24.0, 16.0, 24.0, 32.0, 108.0, 100.0, 96.0, 20.0, 20.0, 64.0, 8.0, 1.0, 32.0, 64.0, 4.0, 1.0, 4.0, 1.0, 32.0], norm. performance: 0.9369450653218567, norm. power: 0.6462866821241028, norm. area: 0.013875199667572165, time of the VLSI flow: 19372.88755.
2024-06-07 10:53:50,333 [INFO]: summary for 10-th query, current Pareto hypervolume: 5.200322855448506, cost: 468987.87472342263.
2024-06-07 10:53:50,334 [INFO]: summary for the solution, the best Pareto hypervolume: 5.200322855448506, cost: 468987.87472342263.
2024-06-07 10:53:50,336 [INFO]: save the experiment result. please refer them to D:\2024spring\EDA\EE215A_project\EE215A_project\Resource\Problem C_cases_0622\output\summary\c0ffeec0ffeec0ffeec0ffeec0ffeeee.rpt.
2024-06-07 10:53:56,085 [INFO]: Prolem C @ ICCAD'22 contest platform version: 0.0.9
2024-06-07 10:53:56,086 [INFO]: load solution settings: {'optimizer': 'fmin_l_bfgs_b', 'random_state': 2022}
2024-06-07 10:53:56,086 [INFO] use UUID c0ffeec0ffeec0ffeec0ffeec0ffeeee to reproduce the experiment results.
2024-06-07 10:53:56,641 [INFO]: 1-th query, next microarchitecture embeddings: [[4, 1, 1, 1, 10, 1, 1, 12, 1, 1, 12, 6, 6, 14, 32, 42, 38, 12, 12, 64, 4, 1, 32, 64, 4, 1, 2, 1, 32], [4, 1, 1, 1, 8, 1, 1, 8, 1, 1, 8, 6, 6, 14, 36, 52, 48, 6, 6, 32, 8, 1, 32, 64, 4, 1, 2, 1, 32], [4, 1, 1, 1, 10, 1, 1, 12, 1, 1, 12, 6, 6, 14, 34, 52, 48, 6, 6, 32, 4, 1, 16, 64, 4, 1, 2, 1, 8], [4, 1, 1, 1, 6, 1, 1, 6, 1, 1, 6, 6, 6, 14, 34, 52, 48, 12, 12, 32, 4, 1, 16, 64, 4, 1, 2, 1, 8], [4, 1, 1, 1, 6, 1, 1, 6, 1, 1, 6, 10, 12, 20, 34, 62, 58, 6, 6, 64, 4, 1, 32, 64, 4, 1, 2, 1, 8], [8, 3, 3, 1, 16, 3, 3, 32, 3, 1, 24, 16, 24, 32, 108, 90, 86, 28, 28, 64, 8, 1, 32, 64, 2, 0, 4, 1, 32], [4, 2, 2, 2, 14, 2, 2, 24, 2, 2, 20, 10, 14, 30, 72, 70, 54, 16, 16, 32, 8, 1, 32, 64, 4, 1, 2, 1, 32], [4, 2, 2, 2, 12, 2, 2, 20, 2, 2, 16, 14, 20, 36, 72, 70, 54, 12, 12, 32, 8, 1, 32, 64, 4, 0, 2, 1, 8], [4, 2, 2, 2, 12, 2, 2, 20, 2, 2, 16, 14, 20, 36, 64, 70, 54, 20, 20, 32, 8, 1, 32, 64, 4, 0, 2, 1, 8], [4, 2, 2, 2, 12, 2, 2, 20, 2, 2, 16, 10, 14, 30, 72, 70, 54, 20, 20, 32, 4, 1, 16, 64, 4, 0, 2, 1, 32], [8, 3, 3, 2, 16, 3, 3, 32, 3, 2, 24, 14, 21, 30, 96, 100, 96, 20, 20, 64, 8, 1, 32, 64, 4, 1, 4, 1, 32], [4, 2, 2, 2, 14, 2, 2, 24, 2, 2, 20, 14, 20, 36, 64, 90, 74, 20, 20, 32, 8, 1, 32, 64, 4, 1, 2, 1, 8], [8, 3, 3, 1, 16, 3, 3, 32, 3, 1, 24, 18, 30, 36, 108, 100, 96, 20, 20, 64, 8, 1, 32, 64, 4, 1, 4, 1, 32], [4, 2, 2, 2, 14, 2, 2, 24, 2, 2, 20, 10, 14, 30, 60, 90, 74, 20, 20, 32, 4, 1, 16, 64, 4, 1, 2, 1, 8], [4, 2, 2, 2, 14, 2, 2, 24, 2, 2, 20, 10, 14, 30, 64, 70, 54, 12, 12, 32, 8, 1, 32, 64, 4, 0, 2, 1, 8]] 'suggest' time: 0.0.
2024-06-07 10:53:56,645 [INFO]: evaluate 1-th candidate in a batch, microarchitecture embedding: [4, 1, 1, 1, 10, 1, 1, 12, 1, 1, 12, 6, 6, 14, 32, 42, 38, 12, 12, 64, 4, 1, 32, 64, 4, 1, 2, 1, 32], norm. performance: -1.1385831029274693, norm. power: -1.0030972980072792, norm. area: -0.9102419278109677, time of the VLSI flow: 11605.13554.
2024-06-07 10:53:56,647 [INFO]: evaluate 2-th candidate in a batch, microarchitecture embedding: [4, 1, 1, 1, 8, 1, 1, 8, 1, 1, 8, 6, 6, 14, 36, 52, 48, 6, 6, 32, 8, 1, 32, 64, 4, 1, 2, 1, 32], norm. performance: -1.2410228492704125, norm. power: -1.0030972980072792, norm. area: -0.9303495401040518, time of the VLSI flow: 11079.00638.
2024-06-07 10:53:56,649 [INFO]: evaluate 3-th candidate in a batch, microarchitecture embedding: [4, 1, 1, 1, 10, 1, 1, 12, 1, 1, 12, 6, 6, 14, 34, 52, 48, 6, 6, 32, 4, 1, 16, 64, 4, 1, 2, 1, 8], norm. performance: -1.1886542379778813, norm. power: -1.0030972980072792, norm. area: -0.9614243969398907, time of the VLSI flow: 11768.87486.
2024-06-07 10:53:56,651 [INFO]: evaluate 4-th candidate in a batch, microarchitecture embedding: [4, 1, 1, 1, 6, 1, 1, 6, 1, 1, 6, 6, 6, 14, 34, 52, 48, 12, 12, 32, 4, 1, 16, 64, 4, 1, 2, 1, 8], norm. performance: -1.1179679870772135, norm. power: -1.0030972980072792, norm. area: -0.9591125573900384, time of the VLSI flow: 10943.39649.
2024-06-07 10:53:56,653 [INFO]: evaluate 5-th candidate in a batch, microarchitecture embedding: [4, 1, 1, 1, 6, 1, 1, 6, 1, 1, 6, 10, 12, 20, 34, 62, 58, 6, 6, 64, 4, 1, 32, 64, 4, 1, 2, 1, 8], norm. performance: -1.1830334750681955, norm. power: -1.0030972980072792, norm. area: -0.8825448543873299, time of the VLSI flow: 10813.75571.
2024-06-07 10:53:56,656 [INFO]: evaluate 6-th candidate in a batch, microarchitecture embedding: [8, 3, 3, 1, 16, 3, 3, 32, 3, 1, 24, 16, 24, 32, 108, 90, 86, 28, 28, 64, 8, 1, 32, 64, 2, 0, 4, 1, 32], norm. performance: 0.6120542306306709, norm. power: 0.1236643665534912, norm. area: 0.1943683510235447, time of the VLSI flow: 24797.94368.
2024-06-07 10:53:56,658 [INFO]: evaluate 7-th candidate in a batch, microarchitecture embedding: [4, 2, 2, 2, 14, 2, 2, 24, 2, 2, 20, 10, 14, 30, 72, 70, 54, 16, 16, 32, 8, 1, 32, 64, 4, 1, 2, 1, 32], norm. performance: -0.6544048210020896, norm. power: -0.2878071906953543, norm. area: -0.32388462681482444, time of the VLSI flow: 16434.439.
2024-06-07 10:53:56,660 [INFO]: evaluate 8-th candidate in a batch, microarchitecture embedding: [4, 2, 2, 2, 12, 2, 2, 20, 2, 2, 16, 14, 20, 36, 72, 70, 54, 12, 12, 32, 8, 1, 32, 64, 4, 0, 2, 1, 8], norm. performance: -0.3846816753621297, norm. power: 0.08679223999482828, norm. area: -0.28544189315652413, time of the VLSI flow: 15501.41043.
2024-06-07 10:53:56,662 [INFO]: evaluate 9-th candidate in a batch, microarchitecture embedding: [4, 2, 2, 2, 12, 2, 2, 20, 2, 2, 16, 14, 20, 36, 64, 70, 54, 20, 20, 32, 8, 1, 32, 64, 4, 0, 2, 1, 8], norm. performance: -0.5185555877311618, norm. power: 0.09645963549571639, norm. area: -0.320596264754289, time of the VLSI flow: 20130.47262.
2024-06-07 10:53:56,664 [INFO]: evaluate 10-th candidate in a batch, microarchitecture embedding: [4, 2, 2, 2, 12, 2, 2, 20, 2, 2, 16, 10, 14, 30, 72, 70, 54, 20, 20, 32, 4, 1, 16, 64, 4, 0, 2, 1, 32], norm. performance: -0.3473794780731132, norm. power: -0.7930864902166346, norm. area: -0.5340840449205148, time of the VLSI flow: 19119.5886.
2024-06-07 10:53:56,665 [INFO]: evaluate 11-th candidate in a batch, microarchitecture embedding: [8, 3, 3, 2, 16, 3, 3, 32, 3, 2, 24, 14, 21, 30, 96, 100, 96, 20, 20, 64, 8, 1, 32, 64, 4, 1, 4, 1, 32], norm. performance: 0.8528102419288837, norm. power: 0.35917960971079965, norm. area: 0.27659929933653493, time of the VLSI flow: 23407.14186.
2024-06-07 10:53:56,667 [INFO]: evaluate 12-th candidate in a batch, microarchitecture embedding: [4, 2, 2, 2, 14, 2, 2, 24, 2, 2, 20, 14, 20, 36, 64, 90, 74, 20, 20, 32, 8, 1, 32, 64, 4, 1, 2, 1, 8], norm. performance: -0.09232853003349933, norm. power: -0.766659037189082, norm. area: -0.3774673540775898, time of the VLSI flow: 20735.56996.
2024-06-07 10:53:56,669 [INFO]: evaluate 13-th candidate in a batch, microarchitecture embedding: [8, 3, 3, 1, 16, 3, 3, 32, 3, 1, 24, 18, 30, 36, 108, 100, 96, 20, 20, 64, 8, 1, 32, 64, 4, 1, 4, 1, 32], norm. performance: 0.9538751762278038, norm. power: 0.43462415851923614, norm. area: -0.21763612553814335, time of the VLSI flow: 19806.2596.
2024-06-07 10:53:56,673 [INFO]: evaluate 14-th candidate in a batch, microarchitecture embedding: [4, 2, 2, 2, 14, 2, 2, 24, 2, 2, 20, 10, 14, 30, 60, 90, 74, 20, 20, 32, 4, 1, 16, 64, 4, 1, 2, 1, 8], norm. performance: -0.40773556365635677, norm. power: -0.4135804919606745, norm. area: -0.5418205409637308, time of the VLSI flow: 18447.32933.
2024-06-07 10:53:56,674 [INFO]: evaluate 15-th candidate in a batch, microarchitecture embedding: [4, 2, 2, 2, 14, 2, 2, 24, 2, 2, 20, 10, 14, 30, 64, 70, 54, 12, 12, 32, 8, 1, 32, 64, 4, 0, 2, 1, 8], norm. performance: -0.5952116031600908, norm. power: -0.3236591398393507, norm. area: -0.5767333294195243, time of the VLSI flow: 15010.91285.
2024-06-07 10:53:56,682 [INFO]: summary for 1-th query, current Pareto hypervolume: 4.927003266916756, cost: 249601.27034892095.
2024-06-07 10:53:56,682 [INFO]: 2-th query, next microarchitecture embeddings: [[8.0, 3.0, 3.0, 2.0, 16.0, 3.0, 3.0, 32.0, 3.0, 2.0, 24.0, 14.0, 21.0, 30.0, 90.0, 100.0, 96.0, 20.0, 20.0, 64.0, 8.0, 1.0, 32.0, 64.0, 4.0, 1.0, 4.0, 1.0, 32.0]] 'suggest' time: 0.0.
2024-06-07 10:53:56,685 [INFO]: evaluate 1-th candidate in a batch, microarchitecture embedding: [8.0, 3.0, 3.0, 2.0, 16.0, 3.0, 3.0, 32.0, 3.0, 2.0, 24.0, 14.0, 21.0, 30.0, 90.0, 100.0, 96.0, 20.0, 20.0, 64.0, 8.0, 1.0, 32.0, 64.0, 4.0, 1.0, 4.0, 1.0, 32.0], norm. performance: 0.5213604375477123, norm. power: -0.05598401818160101, norm. area: -0.18885942563915792, time of the VLSI flow: 23963.37508.
2024-06-07 10:53:56,691 [INFO]: summary for 2-th query, current Pareto hypervolume: 5.132461156999049, cost: 273564.6524806273.
2024-06-07 10:53:56,691 [INFO]: 3-th query, next microarchitecture embeddings: [[8.0, 3.0, 3.0, 2.0, 16.0, 3.0, 3.0, 32.0, 3.0, 2.0, 24.0, 16.0, 24.0, 32.0, 90.0, 100.0, 96.0, 20.0, 20.0, 64.0, 8.0, 1.0, 32.0, 64.0, 4.0, 1.0, 4.0, 1.0, 32.0]] 'suggest' time: 0.0.
2024-06-07 10:53:56,694 [INFO]: evaluate 1-th candidate in a batch, microarchitecture embedding: [8.0, 3.0, 3.0, 2.0, 16.0, 3.0, 3.0, 32.0, 3.0, 2.0, 24.0, 16.0, 24.0, 32.0, 90.0, 100.0, 96.0, 20.0, 20.0, 64.0, 8.0, 1.0, 32.0, 64.0, 4.0, 1.0, 4.0, 1.0, 32.0], norm. performance: 0.8448058120939488, norm. power: 0.009210176603281163, norm. area: 0.27311508277098645, time of the VLSI flow: 26772.95754.
2024-06-07 10:53:56,702 [INFO]: summary for 3-th query, current Pareto hypervolume: 5.200322855448506, cost: 300337.61771081854.
2024-06-07 10:53:56,703 [INFO]: 4-th query, next microarchitecture embeddings: [[8.0, 3.0, 3.0, 2.0, 16.0, 3.0, 3.0, 32.0, 3.0, 2.0, 24.0, 16.0, 24.0, 32.0, 108.0, 100.0, 96.0, 20.0, 20.0, 64.0, 8.0, 1.0, 32.0, 64.0, 4.0, 1.0, 4.0, 1.0, 32.0]] 'suggest' time: 0.0010001659393310547.
2024-06-07 10:53:56,705 [INFO]: evaluate 1-th candidate in a batch, microarchitecture embedding: [8.0, 3.0, 3.0, 2.0, 16.0, 3.0, 3.0, 32.0, 3.0, 2.0, 24.0, 16.0, 24.0, 32.0, 108.0, 100.0, 96.0, 20.0, 20.0, 64.0, 8.0, 1.0, 32.0, 64.0, 4.0, 1.0, 4.0, 1.0, 32.0], norm. performance: 0.08140221495403963, norm. power: 0.687628157356543, norm. area: 0.14667619771858945, time of the VLSI flow: 27508.02783.
2024-06-07 10:53:56,713 [INFO]: summary for 4-th query, current Pareto hypervolume: 5.200322855448506, cost: 327845.6564355939.
2024-06-07 10:53:56,714 [INFO]: 5-th query, next microarchitecture embeddings: [[8.0, 3.0, 3.0, 1.0, 16.0, 3.0, 3.0, 32.0, 3.0, 1.0, 24.0, 14.0, 21.0, 30.0, 108.0, 100.0, 96.0, 20.0, 20.0, 64.0, 8.0, 1.0, 32.0, 64.0, 4.0, 1.0, 4.0, 1.0, 32.0]] 'suggest' time: 0.0.
2024-06-07 10:53:56,716 [INFO]: evaluate 1-th candidate in a batch, microarchitecture embedding: [8.0, 3.0, 3.0, 1.0, 16.0, 3.0, 3.0, 32.0, 3.0, 1.0, 24.0, 14.0, 21.0, 30.0, 108.0, 100.0, 96.0, 20.0, 20.0, 64.0, 8.0, 1.0, 32.0, 64.0, 4.0, 1.0, 4.0, 1.0, 32.0], norm. performance: 0.6627922837538256, norm. power: 0.6869966189569876, norm. area: 0.03083413239863857, time of the VLSI flow: 19821.94949.
2024-06-07 10:53:56,725 [INFO]: summary for 5-th query, current Pareto hypervolume: 5.200322855448506, cost: 347667.6159298759.
2024-06-07 10:53:56,726 [INFO]: 6-th query, next microarchitecture embeddings: [[8.0, 3.0, 3.0, 2.0, 20.0, 3.0, 3.0, 36.0, 3.0, 3.0, 28.0, 16.0, 24.0, 32.0, 90.0, 100.0, 96.0, 20.0, 20.0, 64.0, 8.0, 1.0, 32.0, 64.0, 4.0, 1.0, 4.0, 1.0, 32.0]] 'suggest' time: 0.0010027885437011719.
2024-06-07 10:53:56,728 [INFO]: evaluate 1-th candidate in a batch, microarchitecture embedding: [8.0, 3.0, 3.0, 2.0, 20.0, 3.0, 3.0, 36.0, 3.0, 3.0, 28.0, 16.0, 24.0, 32.0, 90.0, 100.0, 96.0, 20.0, 20.0, 64.0, 8.0, 1.0, 32.0, 64.0, 4.0, 1.0, 4.0, 1.0, 32.0], norm. performance: 0.16238754600772443, norm. power: 0.2671693228832538, norm. area: -0.07633129599415933, time of the VLSI flow: 23702.96025.
2024-06-07 10:53:56,736 [INFO]: summary for 6-th query, current Pareto hypervolume: 5.200322855448506, cost: 371370.58619798615.
2024-06-07 10:53:56,737 [INFO]: 7-th query, next microarchitecture embeddings: [[8.0, 3.0, 3.0, 2.0, 16.0, 3.0, 3.0, 32.0, 3.0, 2.0, 24.0, 14.0, 21.0, 30.0, 90.0, 100.0, 96.0, 20.0, 20.0, 64.0, 8.0, 1.0, 32.0, 64.0, 4.0, 1.0, 4.0, 1.0, 32.0]] 'suggest' time: 0.0.
2024-06-07 10:53:56,739 [INFO]: evaluate 1-th candidate in a batch, microarchitecture embedding: [8.0, 3.0, 3.0, 2.0, 16.0, 3.0, 3.0, 32.0, 3.0, 2.0, 24.0, 14.0, 21.0, 30.0, 90.0, 100.0, 96.0, 20.0, 20.0, 64.0, 8.0, 1.0, 32.0, 64.0, 4.0, 1.0, 4.0, 1.0, 32.0], norm. performance: 0.5213604375477123, norm. power: -0.05598401818160101, norm. area: -0.18885942563915792, time of the VLSI flow: 23963.37508.
2024-06-07 10:53:56,748 [INFO]: summary for 7-th query, current Pareto hypervolume: 5.200322855448506, cost: 395333.97179272235.
2024-06-07 10:53:56,749 [INFO]: 8-th query, next microarchitecture embeddings: [[8.0, 3.0, 3.0, 2.0, 16.0, 3.0, 3.0, 32.0, 3.0, 2.0, 24.0, 16.0, 24.0, 32.0, 90.0, 100.0, 96.0, 20.0, 20.0, 64.0, 8.0, 1.0, 32.0, 64.0, 4.0, 1.0, 4.0, 1.0, 32.0]] 'suggest' time: 0.0.
2024-06-07 10:53:56,751 [INFO]: evaluate 1-th candidate in a batch, microarchitecture embedding: [8.0, 3.0, 3.0, 2.0, 16.0, 3.0, 3.0, 32.0, 3.0, 2.0, 24.0, 16.0, 24.0, 32.0, 90.0, 100.0, 96.0, 20.0, 20.0, 64.0, 8.0, 1.0, 32.0, 64.0, 4.0, 1.0, 4.0, 1.0, 32.0], norm. performance: 0.8448058120939488, norm. power: 0.009210176603281163, norm. area: 0.27311508277098645, time of the VLSI flow: 26772.95754.
2024-06-07 10:53:56,756 [INFO]: summary for 8-th query, current Pareto hypervolume: 5.200322855448506, cost: 422106.9348401915.
2024-06-07 10:53:56,757 [INFO]: 9-th query, next microarchitecture embeddings: [[8.0, 3.0, 3.0, 2.0, 16.0, 3.0, 3.0, 32.0, 3.0, 2.0, 24.0, 16.0, 24.0, 32.0, 108.0, 100.0, 96.0, 20.0, 20.0, 64.0, 8.0, 1.0, 32.0, 64.0, 4.0, 1.0, 4.0, 1.0, 32.0]] 'suggest' time: 0.0010027885437011719.
2024-06-07 10:53:56,759 [INFO]: evaluate 1-th candidate in a batch, microarchitecture embedding: [8.0, 3.0, 3.0, 2.0, 16.0, 3.0, 3.0, 32.0, 3.0, 2.0, 24.0, 16.0, 24.0, 32.0, 108.0, 100.0, 96.0, 20.0, 20.0, 64.0, 8.0, 1.0, 32.0, 64.0, 4.0, 1.0, 4.0, 1.0, 32.0], norm. performance: 0.08140221495403963, norm. power: 0.687628157356543, norm. area: 0.14667619771858945, time of the VLSI flow: 27508.02783.
2024-06-07 10:53:56,763 [INFO]: summary for 9-th query, current Pareto hypervolume: 5.200322855448506, cost: 449614.9679587924.
2024-06-07 10:53:56,764 [INFO]: 10-th query, next microarchitecture embeddings: [[8.0, 3.0, 3.0, 1.0, 16.0, 3.0, 3.0, 32.0, 3.0, 1.0, 24.0, 16.0, 24.0, 32.0, 108.0, 100.0, 96.0, 20.0, 20.0, 64.0, 8.0, 1.0, 32.0, 64.0, 4.0, 1.0, 4.0, 1.0, 32.0]] 'suggest' time: 0.0015044212341308594.
2024-06-07 10:53:56,766 [INFO]: evaluate 1-th candidate in a batch, microarchitecture embedding: [8.0, 3.0, 3.0, 1.0, 16.0, 3.0, 3.0, 32.0, 3.0, 1.0, 24.0, 16.0, 24.0, 32.0, 108.0, 100.0, 96.0, 20.0, 20.0, 64.0, 8.0, 1.0, 32.0, 64.0, 4.0, 1.0, 4.0, 1.0, 32.0], norm. performance: 0.9369450653218567, norm. power: 0.6462866821241028, norm. area: 0.013875199667572165, time of the VLSI flow: 19372.88755.
2024-06-07 10:53:56,773 [INFO]: summary for 10-th query, current Pareto hypervolume: 5.200322855448506, cost: 468987.8655257107.
2024-06-07 10:53:56,774 [INFO]: 11-th query, next microarchitecture embeddings: [[8.0, 3.0, 3.0, 1.0, 16.0, 3.0, 3.0, 32.0, 3.0, 1.0, 24.0, 18.0, 30.0, 36.0, 96.0, 100.0, 96.0, 20.0, 20.0, 64.0, 8.0, 1.0, 32.0, 64.0, 4.0, 1.0, 4.0, 1.0, 32.0]] 'suggest' time: 0.0.
2024-06-07 10:53:56,776 [INFO]: evaluate 1-th candidate in a batch, microarchitecture embedding: [8.0, 3.0, 3.0, 1.0, 16.0, 3.0, 3.0, 32.0, 3.0, 1.0, 24.0, 18.0, 30.0, 36.0, 96.0, 100.0, 96.0, 20.0, 20.0, 64.0, 8.0, 1.0, 32.0, 64.0, 4.0, 1.0, 4.0, 1.0, 32.0], norm. performance: 0.4085071611282518, norm. power: -0.33765014438334906, norm. area: 0.462243166250354, time of the VLSI flow: 20380.04292.
2024-06-07 10:53:56,786 [INFO]: summary for 11-th query, current Pareto hypervolume: 5.277790348145992, cost: 489367.91955983115.
2024-06-07 10:53:56,786 [INFO]: 12-th query, next microarchitecture embeddings: [[8.0, 3.0, 3.0, 2.0, 16.0, 3.0, 3.0, 32.0, 3.0, 2.0, 24.0, 16.0, 24.0, 32.0, 90.0, 100.0, 96.0, 20.0, 20.0, 64.0, 8.0, 1.0, 32.0, 64.0, 4.0, 1.0, 4.0, 1.0, 32.0]] 'suggest' time: 0.0.
2024-06-07 10:53:56,788 [INFO]: evaluate 1-th candidate in a batch, microarchitecture embedding: [8.0, 3.0, 3.0, 2.0, 16.0, 3.0, 3.0, 32.0, 3.0, 2.0, 24.0, 16.0, 24.0, 32.0, 90.0, 100.0, 96.0, 20.0, 20.0, 64.0, 8.0, 1.0, 32.0, 64.0, 4.0, 1.0, 4.0, 1.0, 32.0], norm. performance: 0.8448058120939488, norm. power: 0.009210176603281163, norm. area: 0.27311508277098645, time of the VLSI flow: 26772.95754.
2024-06-07 10:53:56,799 [INFO]: summary for 12-th query, current Pareto hypervolume: 5.277790348145992, cost: 516140.88712247135.
2024-06-07 10:53:56,800 [INFO]: 13-th query, next microarchitecture embeddings: [[8.0, 3.0, 3.0, 2.0, 20.0, 3.0, 3.0, 36.0, 3.0, 3.0, 28.0, 16.0, 24.0, 32.0, 90.0, 100.0, 96.0, 20.0, 20.0, 64.0, 8.0, 1.0, 32.0, 64.0, 4.0, 1.0, 4.0, 1.0, 32.0]] 'suggest' time: 0.0010008811950683594.
2024-06-07 10:53:56,801 [INFO]: evaluate 1-th candidate in a batch, microarchitecture embedding: [8.0, 3.0, 3.0, 2.0, 20.0, 3.0, 3.0, 36.0, 3.0, 3.0, 28.0, 16.0, 24.0, 32.0, 90.0, 100.0, 96.0, 20.0, 20.0, 64.0, 8.0, 1.0, 32.0, 64.0, 4.0, 1.0, 4.0, 1.0, 32.0], norm. performance: 0.16238754600772443, norm. power: 0.2671693228832538, norm. area: -0.07633129599415933, time of the VLSI flow: 23702.96025.
2024-06-07 10:53:56,807 [INFO]: summary for 13-th query, current Pareto hypervolume: 5.277790348145992, cost: 539843.8544113031.
2024-06-07 10:53:56,808 [INFO]: 14-th query, next microarchitecture embeddings: [[8.0, 3.0, 3.0, 1.0, 16.0, 3.0, 3.0, 32.0, 3.0, 1.0, 24.0, 16.0, 24.0, 32.0, 90.0, 100.0, 96.0, 20.0, 20.0, 64.0, 8.0, 1.0, 32.0, 64.0, 4.0, 1.0, 4.0, 1.0, 32.0]] 'suggest' time: 0.001001119613647461.
2024-06-07 10:53:56,810 [INFO]: evaluate 1-th candidate in a batch, microarchitecture embedding: [8.0, 3.0, 3.0, 1.0, 16.0, 3.0, 3.0, 32.0, 3.0, 1.0, 24.0, 16.0, 24.0, 32.0, 90.0, 100.0, 96.0, 20.0, 20.0, 64.0, 8.0, 1.0, 32.0, 64.0, 4.0, 1.0, 4.0, 1.0, 32.0], norm. performance: 0.8561391804445244, norm. power: -0.22771388298380535, norm. area: 0.018910245062434373, time of the VLSI flow: 19800.68587.
2024-06-07 10:53:56,815 [INFO]: summary for 14-th query, current Pareto hypervolume: 5.450974727342157, cost: 559644.5467875077.
2024-06-07 10:53:56,815 [INFO]: 15-th query, next microarchitecture embeddings: [[8.0, 3.0, 3.0, 2.0, 16.0, 3.0, 3.0, 32.0, 3.0, 2.0, 24.0, 18.0, 30.0, 36.0, 90.0, 100.0, 96.0, 20.0, 20.0, 64.0, 8.0, 1.0, 32.0, 64.0, 4.0, 1.0, 4.0, 1.0, 32.0]] 'suggest' time: 0.0.
2024-06-07 10:53:56,818 [INFO]: evaluate 1-th candidate in a batch, microarchitecture embedding: [8.0, 3.0, 3.0, 2.0, 16.0, 3.0, 3.0, 32.0, 3.0, 2.0, 24.0, 18.0, 30.0, 36.0, 90.0, 100.0, 96.0, 20.0, 20.0, 64.0, 8.0, 1.0, 32.0, 64.0, 4.0, 1.0, 4.0, 1.0, 32.0], norm. performance: 1.080347993543811, norm. power: 0.33688144621880195, norm. area: -0.04253571835393194, time of the VLSI flow: 23690.15315.
2024-06-07 10:53:56,827 [INFO]: summary for 15-th query, current Pareto hypervolume: 5.5779123915670095, cost: 583334.710446045.
2024-06-07 10:53:56,827 [INFO]: summary for the solution, the best Pareto hypervolume: 5.5779123915670095, cost: 583334.710446045.
2024-06-07 10:53:56,829 [INFO]: save the experiment result. please refer them to D:\2024spring\EDA\EE215A_project\EE215A_project\Resource\Problem C_cases_0622\output\summary\c0ffeec0ffeec0ffeec0ffeec0ffeeee.rpt.
