{
    "command": {
        "output_path": "output",
        "uuid": "00ef538e88634ddd9810d034b748c24d",
        "solution_settings": ".\\gp-configs.json",
        "num_of_queries": 25
    },
    "solution-settings": {
        "optimizer": "fmin_l_bfgs_b",
        "random_state": 2022
    },
    "explored-microarchitecture-embedding": [
        [
            4,
            1,
            1,
            1,
            6,
            1,
            1,
            6,
            1,
            1,
            6,
            6,
            6,
            14,
            34,
            52,
            48,
            8,
            8,
            32,
            8,
            1,
            32,
            64,
            4,
            1,
            2,
            1,
            32
        ],
        [
            4,
            1,
            1,
            1,
            10,
            1,
            1,
            12,
            1,
            1,
            12,
            6,
            6,
            14,
            36,
            62,
            58,
            12,
            12,
            32,
            4,
            1,
            16,
            64,
            4,
            1,
            2,
            1,
            8
        ],
        [
            4,
            1,
            1,
            1,
            6,
            1,
            1,
            6,
            1,
            1,
            6,
            8,
            8,
            16,
            32,
            42,
            38,
            12,
            12,
            64,
            1,
            1,
            16,
            64,
            4,
            1,
            2,
            1,
            8
        ],
        [
            4,
            1,
            1,
            1,
            6,
            1,
            1,
            6,
            1,
            1,
            6,
            8,
            8,
            16,
            36,
            62,
            58,
            6,
            6,
            32,
            4,
            1,
            16,
            64,
            4,
            1,
            2,
            1,
            8
        ],
        [
            4,
            1,
            1,
            1,
            8,
            1,
            1,
            8,
            1,
            1,
            8,
            10,
            12,
            20,
            30,
            42,
            38,
            12,
            12,
            64,
            1,
            1,
            16,
            64,
            4,
            1,
            2,
            1,
            32
        ],
        [
            4,
            2,
            2,
            1,
            12,
            2,
            2,
            20,
            2,
            1,
            16,
            12,
            16,
            32,
            64,
            70,
            54,
            12,
            12,
            64,
            1,
            1,
            16,
            64,
            4,
            0,
            2,
            1,
            32
        ],
        [
            4,
            2,
            2,
            1,
            12,
            2,
            2,
            20,
            2,
            1,
            16,
            10,
            14,
            30,
            72,
            80,
            64,
            20,
            20,
            32,
            4,
            1,
            16,
            64,
            4,
            1,
            2,
            1,
            32
        ],
        [
            4,
            2,
            2,
            2,
            12,
            2,
            2,
            20,
            2,
            2,
            16,
            14,
            20,
            36,
            60,
            70,
            54,
            20,
            20,
            64,
            1,
            1,
            16,
            64,
            4,
            1,
            2,
            1,
            32
        ],
        [
            4,
            2,
            2,
            2,
            14,
            2,
            2,
            24,
            2,
            2,
            20,
            12,
            16,
            32,
            64,
            90,
            74,
            20,
            20,
            32,
            8,
            1,
            32,
            64,
            4,
            1,
            2,
            1,
            8
        ],
        [
            8,
            3,
            3,
            2,
            20,
            3,
            3,
            36,
            3,
            3,
            28,
            18,
            30,
            36,
            96,
            90,
            86,
            24,
            24,
            64,
            8,
            1,
            32,
            64,
            2,
            0,
            4,
            1,
            32
        ],
        [
            4,
            2,
            2,
            2,
            12,
            2,
            2,
            20,
            2,
            2,
            16,
            12,
            16,
            32,
            60,
            70,
            54,
            12,
            12,
            64,
            4,
            1,
            32,
            64,
            4,
            1,
            2,
            1,
            8
        ],
        [
            4,
            2,
            2,
            1,
            12,
            2,
            2,
            20,
            2,
            1,
            16,
            14,
            20,
            36,
            60,
            70,
            54,
            16,
            16,
            64,
            1,
            1,
            16,
            64,
            4,
            1,
            2,
            1,
            32
        ],
        [
            4,
            2,
            2,
            2,
            12,
            2,
            2,
            20,
            2,
            2,
            16,
            10,
            14,
            30,
            60,
            70,
            54,
            20,
            20,
            64,
            1,
            1,
            16,
            64,
            4,
            0,
            2,
            1,
            32
        ],
        [
            4,
            2,
            2,
            2,
            12,
            2,
            2,
            20,
            2,
            2,
            16,
            14,
            20,
            36,
            64,
            70,
            54,
            16,
            16,
            32,
            4,
            1,
            16,
            64,
            4,
            1,
            2,
            1,
            8
        ],
        [
            4,
            2,
            2,
            1,
            12,
            2,
            2,
            20,
            2,
            1,
            16,
            14,
            20,
            36,
            60,
            80,
            64,
            12,
            12,
            64,
            4,
            1,
            32,
            64,
            4,
            1,
            2,
            1,
            32
        ],
        [
            8,
            3,
            3,
            2,
            16,
            3,
            3,
            32,
            3,
            2,
            24,
            18,
            30,
            36,
            108,
            100,
            96,
            24,
            24,
            64,
            8,
            2,
            16,
            64,
            4,
            1,
            4,
            1,
            32
        ],
        [
            4,
            2,
            2,
            2,
            12,
            2,
            2,
            20,
            2,
            2,
            16,
            12,
            16,
            32,
            72,
            70,
            54,
            20,
            20,
            32,
            8,
            1,
            32,
            64,
            4,
            1,
            2,
            1,
            32
        ],
        [
            4,
            2,
            2,
            1,
            12,
            2,
            2,
            20,
            2,
            1,
            16,
            12,
            16,
            32,
            72,
            80,
            64,
            16,
            16,
            32,
            4,
            1,
            16,
            64,
            4,
            0,
            2,
            1,
            8
        ],
        [
            8,
            5,
            5,
            2,
            26,
            5,
            4,
            44,
            5,
            4,
            36,
            24,
            40,
            48,
            120,
            138,
            138,
            36,
            36,
            64,
            8,
            2,
            16,
            64,
            8,
            1,
            8,
            2,
            32
        ],
        [
            4,
            2,
            2,
            1,
            12,
            2,
            2,
            20,
            2,
            1,
            16,
            14,
            20,
            36,
            60,
            70,
            54,
            12,
            12,
            32,
            4,
            1,
            16,
            64,
            4,
            1,
            2,
            1,
            8
        ],
        [
            4,
            1,
            1,
            1,
            10,
            1,
            1,
            12,
            1,
            1,
            12,
            10,
            12,
            20,
            36,
            62,
            58,
            12,
            12,
            64,
            1,
            1,
            16,
            64,
            4,
            0,
            2,
            1,
            8
        ],
        [
            4,
            2,
            2,
            1,
            12,
            2,
            2,
            20,
            2,
            1,
            16,
            14,
            20,
            36,
            72,
            90,
            74,
            12,
            12,
            32,
            4,
            1,
            16,
            64,
            4,
            0,
            2,
            1,
            8
        ],
        [
            8,
            3,
            3,
            1,
            16,
            3,
            3,
            32,
            3,
            1,
            24,
            18,
            30,
            36,
            90,
            90,
            86,
            28,
            28,
            64,
            8,
            2,
            16,
            64,
            4,
            1,
            4,
            1,
            32
        ],
        [
            4,
            2,
            2,
            1,
            12,
            2,
            2,
            20,
            2,
            1,
            16,
            14,
            20,
            36,
            60,
            90,
            74,
            20,
            20,
            64,
            4,
            1,
            32,
            64,
            4,
            1,
            2,
            1,
            32
        ],
        [
            8,
            5,
            5,
            2,
            24,
            5,
            5,
            40,
            5,
            2,
            32,
            26,
            45,
            50,
            120,
            146,
            146,
            36,
            36,
            64,
            8,
            2,
            16,
            64,
            8,
            1,
            8,
            1,
            32
        ],
        [
            4.0,
            1.0,
            1.0,
            1.0,
            6.0,
            1.0,
            1.0,
            6.0,
            1.0,
            1.0,
            6.0,
            8.0,
            8.0,
            16.0,
            34.0,
            52.0,
            48.0,
            8.0,
            8.0,
            64.0,
            4.0,
            1.0,
            32.0,
            64.0,
            4.0,
            0.0,
            2.0,
            1.0,
            8.0
        ],
        [
            4.0,
            1.0,
            1.0,
            1.0,
            8.0,
            1.0,
            1.0,
            8.0,
            1.0,
            1.0,
            8.0,
            10.0,
            12.0,
            20.0,
            30.0,
            52.0,
            48.0,
            8.0,
            8.0,
            64.0,
            4.0,
            1.0,
            32.0,
            64.0,
            4.0,
            0.0,
            2.0,
            1.0,
            8.0
        ],
        [
            8.0,
            3.0,
            3.0,
            2.0,
            16.0,
            3.0,
            3.0,
            32.0,
            3.0,
            2.0,
            24.0,
            18.0,
            30.0,
            36.0,
            108.0,
            90.0,
            86.0,
            24.0,
            24.0,
            64.0,
            8.0,
            1.0,
            32.0,
            64.0,
            2.0,
            0.0,
            4.0,
            1.0,
            32.0
        ],
        [
            4.0,
            1.0,
            1.0,
            1.0,
            6.0,
            1.0,
            1.0,
            6.0,
            1.0,
            1.0,
            6.0,
            6.0,
            6.0,
            14.0,
            34.0,
            52.0,
            48.0,
            8.0,
            8.0,
            64.0,
            4.0,
            1.0,
            32.0,
            64.0,
            4.0,
            0.0,
            2.0,
            1.0,
            8.0
        ],
        [
            8.0,
            4.0,
            4.0,
            2.0,
            24.0,
            4.0,
            4.0,
            40.0,
            4.0,
            2.0,
            32.0,
            20.0,
            32.0,
            40.0,
            128.0,
            138.0,
            138.0,
            28.0,
            28.0,
            64.0,
            8.0,
            1.0,
            32.0,
            64.0,
            8.0,
            1.0,
            8.0,
            1.0,
            32.0
        ],
        [
            4.0,
            1.0,
            1.0,
            1.0,
            8.0,
            1.0,
            1.0,
            8.0,
            1.0,
            1.0,
            8.0,
            6.0,
            6.0,
            14.0,
            34.0,
            52.0,
            48.0,
            8.0,
            8.0,
            64.0,
            4.0,
            1.0,
            32.0,
            64.0,
            4.0,
            0.0,
            2.0,
            1.0,
            8.0
        ],
        [
            4.0,
            1.0,
            1.0,
            1.0,
            6.0,
            1.0,
            1.0,
            6.0,
            1.0,
            1.0,
            6.0,
            6.0,
            6.0,
            14.0,
            36.0,
            42.0,
            38.0,
            6.0,
            6.0,
            64.0,
            1.0,
            1.0,
            16.0,
            64.0,
            4.0,
            1.0,
            2.0,
            1.0,
            8.0
        ],
        [
            4.0,
            1.0,
            1.0,
            1.0,
            8.0,
            1.0,
            1.0,
            8.0,
            1.0,
            1.0,
            8.0,
            6.0,
            6.0,
            14.0,
            34.0,
            52.0,
            48.0,
            8.0,
            8.0,
            64.0,
            4.0,
            1.0,
            32.0,
            64.0,
            4.0,
            0.0,
            2.0,
            1.0,
            8.0
        ],
        [
            8.0,
            5.0,
            5.0,
            2.0,
            26.0,
            5.0,
            4.0,
            44.0,
            5.0,
            4.0,
            36.0,
            24.0,
            40.0,
            48.0,
            120.0,
            146.0,
            146.0,
            36.0,
            36.0,
            64.0,
            8.0,
            2.0,
            16.0,
            64.0,
            8.0,
            0.0,
            8.0,
            2.0,
            32.0
        ],
        [
            4.0,
            1.0,
            1.0,
            1.0,
            6.0,
            1.0,
            1.0,
            6.0,
            1.0,
            1.0,
            6.0,
            6.0,
            6.0,
            14.0,
            36.0,
            52.0,
            48.0,
            8.0,
            8.0,
            64.0,
            4.0,
            1.0,
            32.0,
            64.0,
            4.0,
            0.0,
            2.0,
            1.0,
            8.0
        ],
        [
            4.0,
            1.0,
            1.0,
            1.0,
            8.0,
            1.0,
            1.0,
            8.0,
            1.0,
            1.0,
            8.0,
            8.0,
            8.0,
            16.0,
            34.0,
            52.0,
            48.0,
            8.0,
            8.0,
            64.0,
            4.0,
            1.0,
            32.0,
            64.0,
            4.0,
            0.0,
            2.0,
            1.0,
            8.0
        ],
        [
            4.0,
            1.0,
            1.0,
            1.0,
            8.0,
            1.0,
            1.0,
            8.0,
            1.0,
            1.0,
            8.0,
            8.0,
            8.0,
            16.0,
            32.0,
            52.0,
            48.0,
            6.0,
            6.0,
            32.0,
            4.0,
            1.0,
            16.0,
            64.0,
            4.0,
            1.0,
            2.0,
            1.0,
            8.0
        ],
        [
            4.0,
            1.0,
            1.0,
            1.0,
            6.0,
            1.0,
            1.0,
            6.0,
            1.0,
            1.0,
            6.0,
            10.0,
            12.0,
            20.0,
            34.0,
            52.0,
            48.0,
            8.0,
            8.0,
            64.0,
            4.0,
            1.0,
            32.0,
            64.0,
            4.0,
            0.0,
            2.0,
            1.0,
            8.0
        ],
        [
            4.0,
            1.0,
            1.0,
            1.0,
            8.0,
            1.0,
            1.0,
            8.0,
            1.0,
            1.0,
            8.0,
            6.0,
            6.0,
            14.0,
            34.0,
            52.0,
            48.0,
            8.0,
            8.0,
            64.0,
            4.0,
            1.0,
            32.0,
            64.0,
            4.0,
            0.0,
            2.0,
            1.0,
            8.0
        ],
        [
            4.0,
            1.0,
            1.0,
            1.0,
            6.0,
            1.0,
            1.0,
            6.0,
            1.0,
            1.0,
            6.0,
            8.0,
            8.0,
            16.0,
            34.0,
            52.0,
            48.0,
            8.0,
            8.0,
            64.0,
            4.0,
            1.0,
            32.0,
            64.0,
            4.0,
            0.0,
            2.0,
            1.0,
            8.0
        ],
        [
            4.0,
            1.0,
            1.0,
            1.0,
            10.0,
            1.0,
            1.0,
            12.0,
            1.0,
            1.0,
            12.0,
            10.0,
            12.0,
            20.0,
            34.0,
            52.0,
            48.0,
            8.0,
            8.0,
            64.0,
            4.0,
            1.0,
            32.0,
            64.0,
            4.0,
            0.0,
            2.0,
            1.0,
            8.0
        ],
        [
            4.0,
            1.0,
            1.0,
            1.0,
            6.0,
            1.0,
            1.0,
            6.0,
            1.0,
            1.0,
            6.0,
            8.0,
            8.0,
            16.0,
            36.0,
            52.0,
            48.0,
            12.0,
            12.0,
            32.0,
            4.0,
            1.0,
            16.0,
            64.0,
            4.0,
            0.0,
            2.0,
            1.0,
            8.0
        ],
        [
            4.0,
            1.0,
            1.0,
            1.0,
            6.0,
            1.0,
            1.0,
            6.0,
            1.0,
            1.0,
            6.0,
            8.0,
            8.0,
            16.0,
            34.0,
            52.0,
            48.0,
            8.0,
            8.0,
            64.0,
            4.0,
            1.0,
            32.0,
            64.0,
            4.0,
            0.0,
            2.0,
            1.0,
            8.0
        ],
        [
            8.0,
            3.0,
            3.0,
            2.0,
            16.0,
            3.0,
            3.0,
            32.0,
            3.0,
            2.0,
            24.0,
            14.0,
            21.0,
            30.0,
            96.0,
            90.0,
            86.0,
            28.0,
            28.0,
            64.0,
            8.0,
            1.0,
            32.0,
            64.0,
            4.0,
            1.0,
            8.0,
            1.0,
            32.0
        ],
        [
            4.0,
            1.0,
            1.0,
            1.0,
            10.0,
            1.0,
            1.0,
            12.0,
            1.0,
            1.0,
            12.0,
            10.0,
            12.0,
            20.0,
            30.0,
            52.0,
            48.0,
            8.0,
            8.0,
            64.0,
            4.0,
            1.0,
            32.0,
            64.0,
            4.0,
            0.0,
            2.0,
            1.0,
            8.0
        ],
        [
            4.0,
            1.0,
            1.0,
            1.0,
            8.0,
            1.0,
            1.0,
            8.0,
            1.0,
            1.0,
            8.0,
            8.0,
            8.0,
            16.0,
            34.0,
            52.0,
            48.0,
            8.0,
            8.0,
            64.0,
            4.0,
            1.0,
            32.0,
            64.0,
            4.0,
            0.0,
            2.0,
            1.0,
            8.0
        ],
        [
            4.0,
            1.0,
            1.0,
            1.0,
            8.0,
            1.0,
            1.0,
            8.0,
            1.0,
            1.0,
            8.0,
            8.0,
            8.0,
            16.0,
            36.0,
            52.0,
            48.0,
            8.0,
            8.0,
            64.0,
            4.0,
            1.0,
            32.0,
            64.0,
            4.0,
            0.0,
            2.0,
            1.0,
            8.0
        ],
        [
            8.0,
            5.0,
            5.0,
            2.0,
            24.0,
            5.0,
            5.0,
            40.0,
            5.0,
            2.0,
            32.0,
            26.0,
            45.0,
            50.0,
            120.0,
            128.0,
            128.0,
            36.0,
            36.0,
            64.0,
            8.0,
            1.0,
            32.0,
            64.0,
            8.0,
            0.0,
            8.0,
            2.0,
            32.0
        ],
        [
            4.0,
            1.0,
            1.0,
            1.0,
            8.0,
            1.0,
            1.0,
            8.0,
            1.0,
            1.0,
            8.0,
            8.0,
            8.0,
            16.0,
            34.0,
            52.0,
            48.0,
            8.0,
            8.0,
            64.0,
            4.0,
            1.0,
            32.0,
            64.0,
            4.0,
            0.0,
            2.0,
            1.0,
            8.0
        ],
        [
            4.0,
            1.0,
            1.0,
            1.0,
            8.0,
            1.0,
            1.0,
            8.0,
            1.0,
            1.0,
            8.0,
            8.0,
            8.0,
            16.0,
            36.0,
            52.0,
            48.0,
            8.0,
            8.0,
            64.0,
            4.0,
            1.0,
            32.0,
            64.0,
            4.0,
            0.0,
            2.0,
            1.0,
            8.0
        ],
        [
            8.0,
            5.0,
            5.0,
            2.0,
            28.0,
            5.0,
            5.0,
            48.0,
            5.0,
            5.0,
            40.0,
            20.0,
            35.0,
            40.0,
            140.0,
            146.0,
            146.0,
            36.0,
            36.0,
            64.0,
            8.0,
            2.0,
            16.0,
            64.0,
            8.0,
            1.0,
            8.0,
            2.0,
            32.0
        ],
        [
            4.0,
            1.0,
            1.0,
            1.0,
            8.0,
            1.0,
            1.0,
            8.0,
            1.0,
            1.0,
            8.0,
            10.0,
            12.0,
            20.0,
            34.0,
            52.0,
            48.0,
            8.0,
            8.0,
            64.0,
            4.0,
            1.0,
            32.0,
            64.0,
            4.0,
            0.0,
            2.0,
            1.0,
            8.0
        ],
        [
            4.0,
            2.0,
            2.0,
            2.0,
            14.0,
            2.0,
            2.0,
            24.0,
            2.0,
            2.0,
            20.0,
            14.0,
            20.0,
            36.0,
            72.0,
            90.0,
            74.0,
            12.0,
            12.0,
            32.0,
            8.0,
            1.0,
            32.0,
            64.0,
            4.0,
            0.0,
            2.0,
            1.0,
            8.0
        ],
        [
            4.0,
            1.0,
            1.0,
            1.0,
            8.0,
            1.0,
            1.0,
            8.0,
            1.0,
            1.0,
            8.0,
            10.0,
            12.0,
            20.0,
            36.0,
            52.0,
            48.0,
            8.0,
            8.0,
            64.0,
            4.0,
            1.0,
            32.0,
            64.0,
            4.0,
            0.0,
            2.0,
            1.0,
            8.0
        ],
        [
            8.0,
            3.0,
            3.0,
            1.0,
            16.0,
            3.0,
            3.0,
            32.0,
            3.0,
            1.0,
            24.0,
            16.0,
            24.0,
            32.0,
            96.0,
            90.0,
            86.0,
            20.0,
            20.0,
            64.0,
            8.0,
            1.0,
            32.0,
            64.0,
            4.0,
            1.0,
            4.0,
            1.0,
            32.0
        ],
        [
            4.0,
            1.0,
            1.0,
            1.0,
            8.0,
            1.0,
            1.0,
            8.0,
            1.0,
            1.0,
            8.0,
            8.0,
            8.0,
            16.0,
            32.0,
            42.0,
            38.0,
            8.0,
            8.0,
            64.0,
            4.0,
            1.0,
            32.0,
            64.0,
            4.0,
            0.0,
            2.0,
            1.0,
            8.0
        ],
        [
            4.0,
            1.0,
            1.0,
            1.0,
            6.0,
            1.0,
            1.0,
            6.0,
            1.0,
            1.0,
            6.0,
            8.0,
            8.0,
            16.0,
            34.0,
            52.0,
            48.0,
            8.0,
            8.0,
            64.0,
            4.0,
            1.0,
            32.0,
            64.0,
            4.0,
            0.0,
            2.0,
            1.0,
            8.0
        ],
        [
            4.0,
            2.0,
            2.0,
            2.0,
            14.0,
            2.0,
            2.0,
            24.0,
            2.0,
            2.0,
            20.0,
            12.0,
            16.0,
            32.0,
            64.0,
            80.0,
            64.0,
            12.0,
            12.0,
            64.0,
            1.0,
            1.0,
            16.0,
            64.0,
            4.0,
            1.0,
            2.0,
            1.0,
            8.0
        ],
        [
            4.0,
            1.0,
            1.0,
            1.0,
            6.0,
            1.0,
            1.0,
            6.0,
            1.0,
            1.0,
            6.0,
            10.0,
            12.0,
            20.0,
            34.0,
            52.0,
            48.0,
            8.0,
            8.0,
            64.0,
            4.0,
            1.0,
            32.0,
            64.0,
            4.0,
            0.0,
            2.0,
            1.0,
            8.0
        ],
        [
            4.0,
            1.0,
            1.0,
            1.0,
            6.0,
            1.0,
            1.0,
            6.0,
            1.0,
            1.0,
            6.0,
            6.0,
            6.0,
            14.0,
            34.0,
            52.0,
            48.0,
            8.0,
            8.0,
            64.0,
            4.0,
            1.0,
            32.0,
            64.0,
            4.0,
            0.0,
            2.0,
            1.0,
            8.0
        ],
        [
            4.0,
            1.0,
            1.0,
            1.0,
            8.0,
            1.0,
            1.0,
            8.0,
            1.0,
            1.0,
            8.0,
            8.0,
            8.0,
            16.0,
            32.0,
            42.0,
            38.0,
            6.0,
            6.0,
            64.0,
            4.0,
            1.0,
            32.0,
            64.0,
            4.0,
            1.0,
            2.0,
            1.0,
            32.0
        ]
    ],
    "objective-values": [
        [
            -1.1646875762196882,
            -1.0030972980072792,
            -0.9325276614959733
        ],
        [
            -1.1179679870772135,
            -1.0030972980072792,
            -0.92638464594161
        ],
        [
            -1.1179679870772135,
            -1.0030972980072792,
            -0.978949117933987
        ],
        [
            -1.2250267062587095,
            -1.0030972980072792,
            -0.949128636553759
        ],
        [
            -1.1354067643098287,
            -1.0030972980072792,
            -0.9559000434610075
        ],
        [
            0.006396539162745998,
            -0.030090943799826016,
            -0.437475451962641
        ],
        [
            -0.15775149741516778,
            -0.3725790758664567,
            -0.5014193673939702
        ],
        [
            0.1655257346508645,
            -0.6220853235677636,
            -0.6617076908655323
        ],
        [
            -0.25460580489888807,
            -0.046510942188268636,
            -0.6667460338467022
        ],
        [
            1.0172041338980207,
            0.1626740076952648,
            -0.23881527105982617
        ],
        [
            -0.12960811993021948,
            -0.5470779936513271,
            -0.5538751697572143
        ],
        [
            -0.330171013649517,
            -0.2485060702922475,
            -0.2738104924881934
        ],
        [
            0.2770932156334688,
            -0.24972056721446945,
            -0.4007958245422417
        ],
        [
            -0.29015734224695416,
            0.09330194349793881,
            -0.6312363792305298
        ],
        [
            -0.47435672282973296,
            -0.7874998043744129,
            -0.4061269750769412
        ],
        [
            1.098713673860577,
            -0.13108850785181528,
            0.032614186017994456
        ],
        [
            0.29865219011209815,
            -0.00832715895360589,
            -0.586910184579798
        ],
        [
            -0.4338273202904088,
            0.11516288809793647,
            -0.3985950466782321
        ],
        [
            1.3175292109351595,
            2.05913524168351,
            2.037139344147227
        ],
        [
            0.210219136258777,
            -0.38020611653801134,
            -0.34150284161282524
        ],
        [
            -1.1179679870772135,
            -1.0030972980072792,
            -0.9100680861835162
        ],
        [
            -0.008720741473435392,
            -0.5104001866002199,
            -0.5313454839675711
        ],
        [
            0.1508916870250182,
            0.17044678799748622,
            0.46077331243018793
        ],
        [
            0.004750438411166173,
            -0.5347872847984394,
            -0.5717536167450002
        ],
        [
            1.6995178407948741,
            1.323101526940032,
            1.687390835735597
        ],
        [
            -1.2043550719277127,
            -1.0030972980072792,
            -0.9101969424375654
        ],
        [
            -1.1898679723517929,
            -1.1985827226081474,
            -0.8895217089436879
        ],
        [
            0.8662446848010035,
            0.4899080584187859,
            0.21814584444439258
        ],
        [
            -1.1477574653137412,
            -1.0030972980072792,
            -0.9218922497937295
        ],
        [
            1.099558625147654,
            0.6938949614752089,
            1.3246423736415323
        ],
        [
            -1.1869459668974864,
            -1.0030972980072792,
            -0.9159607258427385
        ],
        [
            -1.209631072104879,
            -1.0030972980072792,
            -1.004273571931873
        ],
        [
            -1.1869459668974864,
            -1.0030972980072792,
            -0.9159607258427385
        ],
        [
            1.0968203047557556,
            1.1828514223618243,
            1.699849187911336
        ],
        [
            -1.1481389650587426,
            -1.0030972980072792,
            -0.9195196492078552
        ],
        [
            -1.2067669980933322,
            -1.0030972980072792,
            -0.9042605687374525
        ],
        [
            -1.2057821635664214,
            -1.0030972980072792,
            -0.9622290462864563
        ],
        [
            -1.2051901324806602,
            -1.0030972980072792,
            -0.890710437149876
        ],
        [
            -1.1869459668974864,
            -1.0030972980072792,
            -0.9159607258427385
        ],
        [
            -1.2043550719277127,
            -1.0030972980072792,
            -0.9101969424375654
        ],
        [
            -1.1763134277080982,
            -1.1306680547174879,
            -0.8746467091561215
        ],
        [
            -1.124983343499182,
            -1.0030972980072792,
            -0.9450446275694327
        ],
        [
            -1.2043550719277127,
            -1.0030972980072792,
            -0.9101969424375654
        ],
        [
            0.3546196156658081,
            0.40892540364501684,
            0.46904139081167523
        ],
        [
            -1.1695566433355196,
            -1.0030972980072792,
            -0.8793919243058436
        ],
        [
            -1.2067669980933322,
            -1.0030972980072792,
            -0.9042605687374525
        ],
        [
            -1.1842359057459588,
            -1.0030972980072792,
            -0.9018879687593163
        ],
        [
            1.4015411066325207,
            1.9395315847830779,
            1.6743292331119441
        ],
        [
            -1.2067669980933322,
            -1.0030972980072792,
            -0.9042605687374525
        ],
        [
            -1.1842359057459588,
            -1.0030972980072792,
            -0.9018879687593163
        ],
        [
            1.4138889817123967,
            1.657719718950663,
            1.2546078290624256
        ],
        [
            -1.1604811882905441,
            -1.0030972980072792,
            -0.8847764694844464
        ],
        [
            -0.05718957759484199,
            -0.8283069009610753,
            -0.6467836970648133
        ],
        [
            -1.133090919561469,
            -1.0030972980072792,
            -0.8824038597825024
        ],
        [
            0.7590503212657295,
            0.3686041058272431,
            0.1093516648810335
        ],
        [
            -1.2447233967969251,
            -1.0030972980072792,
            -0.9209223024003083
        ],
        [
            -1.2043550719277127,
            -1.0030972980072792,
            -0.9101969424375654
        ],
        [
            -0.1397531872232171,
            -0.4825639171428893,
            -0.6708404606755708
        ],
        [
            -1.2051901324806602,
            -1.0030972980072792,
            -0.890710437149876
        ],
        [
            -1.1477574653137412,
            -1.0030972980072792,
            -0.9218922497937295
        ],
        [
            -1.2181328645703342,
            -1.0030972980072792,
            -0.9270470937157096
        ]
    ],
    "Pareto hypervolume": 6.525057754517699,
    "suggest-time": [
        0.0,
        0.0009999275207519531,
        0.0,
        0.0009992122650146484,
        0.0,
        0.0010006427764892578,
        0.0,
        0.0011150836944580078,
        0.0,
        0.0,
        0.0,
        0.0040051937103271484,
        0.0020034313201904297,
        0.0009999275207519531,
        0.0,
        0.0,
        0.0009989738464355469,
        0.001001596450805664,
        0.001592397689819336,
        0.0010030269622802734,
        0.0010001659393310547,
        0.00099945068359375,
        0.0015649795532226562,
        0.0009970664978027344,
        0.0
    ],
    "evaluate-time": [
        11223.325703120423,
        10443.99377346756,
        11204.239083835679,
        10236.073269139786,
        10844.928584421234,
        13894.26330016594,
        14454.070024326096,
        18897.68610486183,
        18125.266939616624,
        25874.76060033188,
        15456.436292679824,
        15034.844904146576,
        17653.090196598663,
        16530.565389378204,
        12635.39096176239,
        24664.400559139787,
        16728.87922627876,
        14685.266829616623,
        41121.45881935555,
        13602.400223944396,
        11838.954152080765,
        14985.88765202797,
        20784.7433731929,
        15397.93608544731,
        35802.53136390816,
        10841.55331866295,
        11353.06756009346,
        25477.023450570297,
        11389.532966994018,
        32840.377845779265,
        11107.93830009346,
        10749.516304659654,
        11107.93829985504,
        33108.57111530243,
        10216.216364659653,
        10116.084555577087,
        11238.55458506401,
        11000.51023009346,
        11107.93880506401,
        10841.553318186112,
        10909.431234110336,
        10236.023205374908,
        10841.55332366974,
        24385.115820570296,
        10403.157289855042,
        10116.08454985504,
        10232.948321834869,
        37357.010329212266,
        10116.084651659774,
        10232.94931985504,
        39259.47514152397,
        11102.941249855041,
        16533.823460331878,
        11261.721522396165,
        18922.570746194306,
        11005.370205896988,
        10841.55332033188,
        12135.21645985504,
        11000.510738163452,
        11389.532971047134,
        11975.020486994019
    ],
    "observe-time": [
        0.007017374038696289,
        0.005013465881347656,
        0.009157896041870117,
        0.00951075553894043,
        0.008609533309936523,
        0.0075113773345947266,
        0.0031037330627441406,
        0.007299184799194336,
        0.00400543212890625,
        0.007817506790161133,
        0.008186578750610352,
        0.004003047943115234,
        0.003506183624267578,
        0.004522562026977539,
        0.0055084228515625,
        0.007573366165161133,
        0.006523847579956055,
        0.006999969482421875,
        0.015816450119018555,
        0.009113788604736328,
        0.0060138702392578125,
        0.01702094078063965,
        0.008142948150634766,
        0.010294198989868164,
        0.007201194763183594
    ],
    "total-time": 964876.0745367925
}