{
    "command": {
        "output_path": "output",
        "uuid": "c0ffeec0ffeec0ffeec0ffeec0ffeeee",
        "solution_settings": ".\\gp-configs.json",
        "num_of_queries": 15
    },
    "solution-settings": {
        "optimizer": "fmin_l_bfgs_b",
        "random_state": 2022
    },
    "explored-microarchitecture-embedding": [
        [
            4,
            1,
            1,
            1,
            10,
            1,
            1,
            12,
            1,
            1,
            12,
            6,
            6,
            14,
            32,
            42,
            38,
            12,
            12,
            64,
            4,
            1,
            32,
            64,
            4,
            1,
            2,
            1,
            32
        ],
        [
            4,
            1,
            1,
            1,
            8,
            1,
            1,
            8,
            1,
            1,
            8,
            6,
            6,
            14,
            36,
            52,
            48,
            6,
            6,
            32,
            8,
            1,
            32,
            64,
            4,
            1,
            2,
            1,
            32
        ],
        [
            4,
            1,
            1,
            1,
            10,
            1,
            1,
            12,
            1,
            1,
            12,
            6,
            6,
            14,
            34,
            52,
            48,
            6,
            6,
            32,
            4,
            1,
            16,
            64,
            4,
            1,
            2,
            1,
            8
        ],
        [
            4,
            1,
            1,
            1,
            6,
            1,
            1,
            6,
            1,
            1,
            6,
            6,
            6,
            14,
            34,
            52,
            48,
            12,
            12,
            32,
            4,
            1,
            16,
            64,
            4,
            1,
            2,
            1,
            8
        ],
        [
            4,
            1,
            1,
            1,
            6,
            1,
            1,
            6,
            1,
            1,
            6,
            10,
            12,
            20,
            34,
            62,
            58,
            6,
            6,
            64,
            4,
            1,
            32,
            64,
            4,
            1,
            2,
            1,
            8
        ],
        [
            8,
            3,
            3,
            1,
            16,
            3,
            3,
            32,
            3,
            1,
            24,
            16,
            24,
            32,
            108,
            90,
            86,
            28,
            28,
            64,
            8,
            1,
            32,
            64,
            2,
            0,
            4,
            1,
            32
        ],
        [
            4,
            2,
            2,
            2,
            14,
            2,
            2,
            24,
            2,
            2,
            20,
            10,
            14,
            30,
            72,
            70,
            54,
            16,
            16,
            32,
            8,
            1,
            32,
            64,
            4,
            1,
            2,
            1,
            32
        ],
        [
            4,
            2,
            2,
            2,
            12,
            2,
            2,
            20,
            2,
            2,
            16,
            14,
            20,
            36,
            72,
            70,
            54,
            12,
            12,
            32,
            8,
            1,
            32,
            64,
            4,
            0,
            2,
            1,
            8
        ],
        [
            4,
            2,
            2,
            2,
            12,
            2,
            2,
            20,
            2,
            2,
            16,
            14,
            20,
            36,
            64,
            70,
            54,
            20,
            20,
            32,
            8,
            1,
            32,
            64,
            4,
            0,
            2,
            1,
            8
        ],
        [
            4,
            2,
            2,
            2,
            12,
            2,
            2,
            20,
            2,
            2,
            16,
            10,
            14,
            30,
            72,
            70,
            54,
            20,
            20,
            32,
            4,
            1,
            16,
            64,
            4,
            0,
            2,
            1,
            32
        ],
        [
            8,
            3,
            3,
            2,
            16,
            3,
            3,
            32,
            3,
            2,
            24,
            14,
            21,
            30,
            96,
            100,
            96,
            20,
            20,
            64,
            8,
            1,
            32,
            64,
            4,
            1,
            4,
            1,
            32
        ],
        [
            4,
            2,
            2,
            2,
            14,
            2,
            2,
            24,
            2,
            2,
            20,
            14,
            20,
            36,
            64,
            90,
            74,
            20,
            20,
            32,
            8,
            1,
            32,
            64,
            4,
            1,
            2,
            1,
            8
        ],
        [
            8,
            3,
            3,
            1,
            16,
            3,
            3,
            32,
            3,
            1,
            24,
            18,
            30,
            36,
            108,
            100,
            96,
            20,
            20,
            64,
            8,
            1,
            32,
            64,
            4,
            1,
            4,
            1,
            32
        ],
        [
            4,
            2,
            2,
            2,
            14,
            2,
            2,
            24,
            2,
            2,
            20,
            10,
            14,
            30,
            60,
            90,
            74,
            20,
            20,
            32,
            4,
            1,
            16,
            64,
            4,
            1,
            2,
            1,
            8
        ],
        [
            4,
            2,
            2,
            2,
            14,
            2,
            2,
            24,
            2,
            2,
            20,
            10,
            14,
            30,
            64,
            70,
            54,
            12,
            12,
            32,
            8,
            1,
            32,
            64,
            4,
            0,
            2,
            1,
            8
        ],
        [
            8.0,
            3.0,
            3.0,
            2.0,
            16.0,
            3.0,
            3.0,
            32.0,
            3.0,
            2.0,
            24.0,
            14.0,
            21.0,
            30.0,
            90.0,
            100.0,
            96.0,
            20.0,
            20.0,
            64.0,
            8.0,
            1.0,
            32.0,
            64.0,
            4.0,
            1.0,
            4.0,
            1.0,
            32.0
        ],
        [
            8.0,
            3.0,
            3.0,
            2.0,
            16.0,
            3.0,
            3.0,
            32.0,
            3.0,
            2.0,
            24.0,
            16.0,
            24.0,
            32.0,
            90.0,
            100.0,
            96.0,
            20.0,
            20.0,
            64.0,
            8.0,
            1.0,
            32.0,
            64.0,
            4.0,
            1.0,
            4.0,
            1.0,
            32.0
        ],
        [
            8.0,
            3.0,
            3.0,
            2.0,
            16.0,
            3.0,
            3.0,
            32.0,
            3.0,
            2.0,
            24.0,
            16.0,
            24.0,
            32.0,
            108.0,
            100.0,
            96.0,
            20.0,
            20.0,
            64.0,
            8.0,
            1.0,
            32.0,
            64.0,
            4.0,
            1.0,
            4.0,
            1.0,
            32.0
        ],
        [
            8.0,
            3.0,
            3.0,
            1.0,
            16.0,
            3.0,
            3.0,
            32.0,
            3.0,
            1.0,
            24.0,
            14.0,
            21.0,
            30.0,
            108.0,
            100.0,
            96.0,
            20.0,
            20.0,
            64.0,
            8.0,
            1.0,
            32.0,
            64.0,
            4.0,
            1.0,
            4.0,
            1.0,
            32.0
        ],
        [
            8.0,
            3.0,
            3.0,
            2.0,
            20.0,
            3.0,
            3.0,
            36.0,
            3.0,
            3.0,
            28.0,
            16.0,
            24.0,
            32.0,
            90.0,
            100.0,
            96.0,
            20.0,
            20.0,
            64.0,
            8.0,
            1.0,
            32.0,
            64.0,
            4.0,
            1.0,
            4.0,
            1.0,
            32.0
        ],
        [
            8.0,
            3.0,
            3.0,
            2.0,
            16.0,
            3.0,
            3.0,
            32.0,
            3.0,
            2.0,
            24.0,
            14.0,
            21.0,
            30.0,
            90.0,
            100.0,
            96.0,
            20.0,
            20.0,
            64.0,
            8.0,
            1.0,
            32.0,
            64.0,
            4.0,
            1.0,
            4.0,
            1.0,
            32.0
        ],
        [
            8.0,
            3.0,
            3.0,
            2.0,
            16.0,
            3.0,
            3.0,
            32.0,
            3.0,
            2.0,
            24.0,
            16.0,
            24.0,
            32.0,
            90.0,
            100.0,
            96.0,
            20.0,
            20.0,
            64.0,
            8.0,
            1.0,
            32.0,
            64.0,
            4.0,
            1.0,
            4.0,
            1.0,
            32.0
        ],
        [
            8.0,
            3.0,
            3.0,
            2.0,
            16.0,
            3.0,
            3.0,
            32.0,
            3.0,
            2.0,
            24.0,
            16.0,
            24.0,
            32.0,
            108.0,
            100.0,
            96.0,
            20.0,
            20.0,
            64.0,
            8.0,
            1.0,
            32.0,
            64.0,
            4.0,
            1.0,
            4.0,
            1.0,
            32.0
        ],
        [
            8.0,
            3.0,
            3.0,
            1.0,
            16.0,
            3.0,
            3.0,
            32.0,
            3.0,
            1.0,
            24.0,
            16.0,
            24.0,
            32.0,
            108.0,
            100.0,
            96.0,
            20.0,
            20.0,
            64.0,
            8.0,
            1.0,
            32.0,
            64.0,
            4.0,
            1.0,
            4.0,
            1.0,
            32.0
        ],
        [
            8.0,
            3.0,
            3.0,
            1.0,
            16.0,
            3.0,
            3.0,
            32.0,
            3.0,
            1.0,
            24.0,
            18.0,
            30.0,
            36.0,
            96.0,
            100.0,
            96.0,
            20.0,
            20.0,
            64.0,
            8.0,
            1.0,
            32.0,
            64.0,
            4.0,
            1.0,
            4.0,
            1.0,
            32.0
        ],
        [
            8.0,
            3.0,
            3.0,
            2.0,
            16.0,
            3.0,
            3.0,
            32.0,
            3.0,
            2.0,
            24.0,
            16.0,
            24.0,
            32.0,
            90.0,
            100.0,
            96.0,
            20.0,
            20.0,
            64.0,
            8.0,
            1.0,
            32.0,
            64.0,
            4.0,
            1.0,
            4.0,
            1.0,
            32.0
        ],
        [
            8.0,
            3.0,
            3.0,
            2.0,
            20.0,
            3.0,
            3.0,
            36.0,
            3.0,
            3.0,
            28.0,
            16.0,
            24.0,
            32.0,
            90.0,
            100.0,
            96.0,
            20.0,
            20.0,
            64.0,
            8.0,
            1.0,
            32.0,
            64.0,
            4.0,
            1.0,
            4.0,
            1.0,
            32.0
        ],
        [
            8.0,
            3.0,
            3.0,
            1.0,
            16.0,
            3.0,
            3.0,
            32.0,
            3.0,
            1.0,
            24.0,
            16.0,
            24.0,
            32.0,
            90.0,
            100.0,
            96.0,
            20.0,
            20.0,
            64.0,
            8.0,
            1.0,
            32.0,
            64.0,
            4.0,
            1.0,
            4.0,
            1.0,
            32.0
        ],
        [
            8.0,
            3.0,
            3.0,
            2.0,
            16.0,
            3.0,
            3.0,
            32.0,
            3.0,
            2.0,
            24.0,
            18.0,
            30.0,
            36.0,
            90.0,
            100.0,
            96.0,
            20.0,
            20.0,
            64.0,
            8.0,
            1.0,
            32.0,
            64.0,
            4.0,
            1.0,
            4.0,
            1.0,
            32.0
        ]
    ],
    "objective-values": [
        [
            -1.1385831029274693,
            -1.0030972980072792,
            -0.9102419278109677
        ],
        [
            -1.2410228492704125,
            -1.0030972980072792,
            -0.9303495401040518
        ],
        [
            -1.1886542379778813,
            -1.0030972980072792,
            -0.9614243969398907
        ],
        [
            -1.1179679870772135,
            -1.0030972980072792,
            -0.9591125573900384
        ],
        [
            -1.1830334750681955,
            -1.0030972980072792,
            -0.8825448543873299
        ],
        [
            0.6120542306306709,
            0.1236643665534912,
            0.1943683510235447
        ],
        [
            -0.6544048210020896,
            -0.2878071906953543,
            -0.32388462681482444
        ],
        [
            -0.3846816753621297,
            0.08679223999482828,
            -0.28544189315652413
        ],
        [
            -0.5185555877311618,
            0.09645963549571639,
            -0.320596264754289
        ],
        [
            -0.3473794780731132,
            -0.7930864902166346,
            -0.5340840449205148
        ],
        [
            0.8528102419288837,
            0.35917960971079965,
            0.27659929933653493
        ],
        [
            -0.09232853003349933,
            -0.766659037189082,
            -0.3774673540775898
        ],
        [
            0.9538751762278038,
            0.43462415851923614,
            -0.21763612553814335
        ],
        [
            -0.40773556365635677,
            -0.4135804919606745,
            -0.5418205409637308
        ],
        [
            -0.5952116031600908,
            -0.3236591398393507,
            -0.5767333294195243
        ],
        [
            0.5213604375477123,
            -0.05598401818160101,
            -0.18885942563915792
        ],
        [
            0.8448058120939488,
            0.009210176603281163,
            0.27311508277098645
        ],
        [
            0.08140221495403963,
            0.687628157356543,
            0.14667619771858945
        ],
        [
            0.6627922837538256,
            0.6869966189569876,
            0.03083413239863857
        ],
        [
            0.16238754600772443,
            0.2671693228832538,
            -0.07633129599415933
        ],
        [
            0.5213604375477123,
            -0.05598401818160101,
            -0.18885942563915792
        ],
        [
            0.8448058120939488,
            0.009210176603281163,
            0.27311508277098645
        ],
        [
            0.08140221495403963,
            0.687628157356543,
            0.14667619771858945
        ],
        [
            0.9369450653218567,
            0.6462866821241028,
            0.013875199667572165
        ],
        [
            0.4085071611282518,
            -0.33765014438334906,
            0.462243166250354
        ],
        [
            0.8448058120939488,
            0.009210176603281163,
            0.27311508277098645
        ],
        [
            0.16238754600772443,
            0.2671693228832538,
            -0.07633129599415933
        ],
        [
            0.8561391804445244,
            -0.22771388298380535,
            0.018910245062434373
        ],
        [
            1.080347993543811,
            0.33688144621880195,
            -0.04253571835393194
        ]
    ],
    "Pareto hypervolume": 5.5779123915670095,
    "suggest-time": [
        0.0,
        0.0,
        0.0,
        0.0010001659393310547,
        0.0,
        0.0010027885437011719,
        0.0,
        0.0,
        0.0010027885437011719,
        0.0015044212341308594,
        0.0,
        0.0,
        0.0010008811950683594,
        0.001001119613647461,
        0.0
    ],
    "evaluate-time": [
        11605.138041487731,
        11079.008384146577,
        11768.876858662949,
        10943.398491285552,
        10813.75794994255,
        24797.946145724945,
        16434.44100009346,
        15501.412429855041,
        20130.474124182816,
        19119.590600570296,
        23407.143060675964,
        20735.57196510025,
        19806.26060874901,
        18447.33032992752,
        15010.914355374909,
        23963.377132783968,
        26772.958546126403,
        27508.03033864029,
        19821.951494146575,
        23702.961752752304,
        23963.37708033188,
        26772.95954009346,
        27508.029119606093,
        19372.88955486183,
        20380.044861680908,
        26772.958537066497,
        23702.961249450684,
        19800.687869378206,
        23690.155147470854
    ],
    "observe-time": [
        0.006003141403198242,
        0.004998922348022461,
        0.006684064865112305,
        0.007385969161987305,
        0.00800013542175293,
        0.007512569427490234,
        0.008514404296875,
        0.003507375717163086,
        0.002996206283569336,
        0.0065076351165771484,
        0.009172439575195312,
        0.00902557373046875,
        0.00503849983215332,
        0.003505706787109375,
        0.008511066436767578
    ],
    "total-time": 583334.710446045
}